{"__type":"$$EventMessageWorkflow","id":"65ab3c95-1f2a-44b0-b02b-406151f0e8c5","ts":"2025-12-26T23:31:43.857+01:00","eventName":"n8n.workflow.started","message":"n8n.workflow.started","payload":{"executionId":"116","workflowId":"ti1OYFY9BNsSJA2g","isManual":false,"workflowName":"Analyse CV"}}
{"__type":"$$EventMessageConfirm","confirm":"65ab3c95-1f2a-44b0-b02b-406151f0e8c5","ts":"2025-12-26T23:31:43.861+01:00","source":{"id":"0","name":"eventBus"}}
{"__type":"$$EventMessageNode","id":"03b38dd0-20ad-4d26-9d41-3877af277f86","ts":"2025-12-26T23:31:43.865+01:00","eventName":"n8n.node.started","message":"n8n.node.started","payload":{"workflowId":"ti1OYFY9BNsSJA2g","workflowName":"Analyse CV","executionId":"116","nodeType":"n8n-nodes-base.webhook","nodeName":"Webhook","nodeId":"ad9270ed-6d80-4d37-b5de-f3a197452e0d"}}
{"__type":"$$EventMessageConfirm","confirm":"03b38dd0-20ad-4d26-9d41-3877af277f86","ts":"2025-12-26T23:31:43.865+01:00","source":{"id":"0","name":"eventBus"}}
{"__type":"$$EventMessageNode","id":"bda42264-7a40-409d-9345-777d5e92e42f","ts":"2025-12-26T23:31:43.891+01:00","eventName":"n8n.node.finished","message":"n8n.node.finished","payload":{"workflowId":"ti1OYFY9BNsSJA2g","workflowName":"Analyse CV","executionId":"116","nodeType":"n8n-nodes-base.webhook","nodeName":"Webhook","nodeId":"ad9270ed-6d80-4d37-b5de-f3a197452e0d"}}
{"__type":"$$EventMessageConfirm","confirm":"bda42264-7a40-409d-9345-777d5e92e42f","ts":"2025-12-26T23:31:43.891+01:00","source":{"id":"0","name":"eventBus"}}
{"__type":"$$EventMessageNode","id":"2f352e91-243a-4e6d-9970-123c5942e545","ts":"2025-12-26T23:31:43.896+01:00","eventName":"n8n.node.started","message":"n8n.node.started","payload":{"workflowId":"ti1OYFY9BNsSJA2g","workflowName":"Analyse CV","executionId":"116","nodeType":"n8n-nodes-base.httpRequest","nodeName":"HTTP Request","nodeId":"8409aa6c-c695-4949-8a57-9ff69145e234"}}
{"__type":"$$EventMessageConfirm","confirm":"2f352e91-243a-4e6d-9970-123c5942e545","ts":"2025-12-26T23:31:43.896+01:00","source":{"id":"0","name":"eventBus"}}
{"__type":"$$EventMessageNode","id":"8efe9417-e4e3-4568-952f-d663e8df41c2","ts":"2025-12-26T23:32:08.092+01:00","eventName":"n8n.node.finished","message":"n8n.node.finished","payload":{"workflowId":"ti1OYFY9BNsSJA2g","workflowName":"Analyse CV","executionId":"116","nodeType":"n8n-nodes-base.httpRequest","nodeName":"HTTP Request","nodeId":"8409aa6c-c695-4949-8a57-9ff69145e234"}}
{"__type":"$$EventMessageConfirm","confirm":"8efe9417-e4e3-4568-952f-d663e8df41c2","ts":"2025-12-26T23:32:08.093+01:00","source":{"id":"0","name":"eventBus"}}
{"__type":"$$EventMessageNode","id":"1d068c1b-68e8-4286-bc7b-199f72e839b5","ts":"2025-12-26T23:32:08.093+01:00","eventName":"n8n.node.started","message":"n8n.node.started","payload":{"workflowId":"ti1OYFY9BNsSJA2g","workflowName":"Analyse CV","executionId":"116","nodeType":"n8n-nodes-base.respondToWebhook","nodeName":"Respond to Webhook1","nodeId":"325c4c94-80e2-41c4-89a2-afdcf3a4b016"}}
{"__type":"$$EventMessageConfirm","confirm":"1d068c1b-68e8-4286-bc7b-199f72e839b5","ts":"2025-12-26T23:32:08.094+01:00","source":{"id":"0","name":"eventBus"}}
{"__type":"$$EventMessageNode","id":"85503df9-dfa3-478c-9b02-401c990ed664","ts":"2025-12-26T23:32:08.154+01:00","eventName":"n8n.node.finished","message":"n8n.node.finished","payload":{"workflowId":"ti1OYFY9BNsSJA2g","workflowName":"Analyse CV","executionId":"116","nodeType":"n8n-nodes-base.respondToWebhook","nodeName":"Respond to Webhook1","nodeId":"325c4c94-80e2-41c4-89a2-afdcf3a4b016"}}
{"__type":"$$EventMessageConfirm","confirm":"85503df9-dfa3-478c-9b02-401c990ed664","ts":"2025-12-26T23:32:08.154+01:00","source":{"id":"0","name":"eventBus"}}
{"__type":"$$EventMessageWorkflow","id":"8a0bce90-16d9-4d12-a744-5dd5e01685b5","ts":"2025-12-26T23:32:08.175+01:00","eventName":"n8n.workflow.success","message":"n8n.workflow.success","payload":{"executionId":"116","success":true,"isManual":false,"workflowId":"ti1OYFY9BNsSJA2g","workflowName":"Analyse CV"}}
{"__type":"$$EventMessageConfirm","confirm":"8a0bce90-16d9-4d12-a744-5dd5e01685b5","ts":"2025-12-26T23:32:08.175+01:00","source":{"id":"0","name":"eventBus"}}
{"__type":"$$EventMessageWorkflow","id":"7c067f3b-1fa4-4b13-9799-a7ca097eb3ec","ts":"2025-12-26T23:33:26.845+01:00","eventName":"n8n.workflow.started","message":"n8n.workflow.started","payload":{"executionId":"117","workflowId":"ti1OYFY9BNsSJA2g","isManual":false,"workflowName":"Analyse CV"}}
{"__type":"$$EventMessageConfirm","confirm":"7c067f3b-1fa4-4b13-9799-a7ca097eb3ec","ts":"2025-12-26T23:33:26.855+01:00","source":{"id":"0","name":"eventBus"}}
{"__type":"$$EventMessageNode","id":"288356e4-cd69-475c-b2a5-be5680451275","ts":"2025-12-26T23:33:26.857+01:00","eventName":"n8n.node.started","message":"n8n.node.started","payload":{"workflowId":"ti1OYFY9BNsSJA2g","workflowName":"Analyse CV","executionId":"117","nodeType":"n8n-nodes-base.webhook","nodeName":"Webhook","nodeId":"ad9270ed-6d80-4d37-b5de-f3a197452e0d"}}
{"__type":"$$EventMessageConfirm","confirm":"288356e4-cd69-475c-b2a5-be5680451275","ts":"2025-12-26T23:33:26.858+01:00","source":{"id":"0","name":"eventBus"}}
{"__type":"$$EventMessageNode","id":"326f8ecb-8dca-4f9a-a34f-052832cd395a","ts":"2025-12-26T23:33:26.860+01:00","eventName":"n8n.node.finished","message":"n8n.node.finished","payload":{"workflowId":"ti1OYFY9BNsSJA2g","workflowName":"Analyse CV","executionId":"117","nodeType":"n8n-nodes-base.webhook","nodeName":"Webhook","nodeId":"ad9270ed-6d80-4d37-b5de-f3a197452e0d"}}
{"__type":"$$EventMessageConfirm","confirm":"326f8ecb-8dca-4f9a-a34f-052832cd395a","ts":"2025-12-26T23:33:26.871+01:00","source":{"id":"0","name":"eventBus"}}
{"__type":"$$EventMessageNode","id":"af956938-05fa-4cc4-8bd3-9cdc3f618c1a","ts":"2025-12-26T23:33:26.872+01:00","eventName":"n8n.node.started","message":"n8n.node.started","payload":{"workflowId":"ti1OYFY9BNsSJA2g","workflowName":"Analyse CV","executionId":"117","nodeType":"n8n-nodes-base.httpRequest","nodeName":"HTTP Request","nodeId":"8409aa6c-c695-4949-8a57-9ff69145e234"}}
{"__type":"$$EventMessageConfirm","confirm":"af956938-05fa-4cc4-8bd3-9cdc3f618c1a","ts":"2025-12-26T23:33:26.872+01:00","source":{"id":"0","name":"eventBus"}}
{"__type":"$$EventMessageNode","id":"6bb088f9-fc2e-478b-a5f2-14267876c679","ts":"2025-12-26T23:33:56.626+01:00","eventName":"n8n.node.finished","message":"n8n.node.finished","payload":{"workflowId":"ti1OYFY9BNsSJA2g","workflowName":"Analyse CV","executionId":"117","nodeType":"n8n-nodes-base.httpRequest","nodeName":"HTTP Request","nodeId":"8409aa6c-c695-4949-8a57-9ff69145e234"}}
{"__type":"$$EventMessageConfirm","confirm":"6bb088f9-fc2e-478b-a5f2-14267876c679","ts":"2025-12-26T23:33:56.632+01:00","source":{"id":"0","name":"eventBus"}}
{"__type":"$$EventMessageNode","id":"faa92173-d4ed-4b80-85d4-d42c60348e0c","ts":"2025-12-26T23:33:56.633+01:00","eventName":"n8n.node.started","message":"n8n.node.started","payload":{"workflowId":"ti1OYFY9BNsSJA2g","workflowName":"Analyse CV","executionId":"117","nodeType":"n8n-nodes-base.respondToWebhook","nodeName":"Respond to Webhook1","nodeId":"325c4c94-80e2-41c4-89a2-afdcf3a4b016"}}
{"__type":"$$EventMessageConfirm","confirm":"faa92173-d4ed-4b80-85d4-d42c60348e0c","ts":"2025-12-26T23:33:56.633+01:00","source":{"id":"0","name":"eventBus"}}
{"__type":"$$EventMessageNode","id":"43d15f2c-8f72-4b3d-889a-893df48287cf","ts":"2025-12-26T23:33:56.642+01:00","eventName":"n8n.node.finished","message":"n8n.node.finished","payload":{"workflowId":"ti1OYFY9BNsSJA2g","workflowName":"Analyse CV","executionId":"117","nodeType":"n8n-nodes-base.respondToWebhook","nodeName":"Respond to Webhook1","nodeId":"325c4c94-80e2-41c4-89a2-afdcf3a4b016"}}
{"__type":"$$EventMessageConfirm","confirm":"43d15f2c-8f72-4b3d-889a-893df48287cf","ts":"2025-12-26T23:33:56.642+01:00","source":{"id":"0","name":"eventBus"}}
{"__type":"$$EventMessageWorkflow","id":"fd37f017-ec18-4552-a8c0-a8ac34be7381","ts":"2025-12-26T23:33:56.656+01:00","eventName":"n8n.workflow.success","message":"n8n.workflow.success","payload":{"executionId":"117","success":true,"isManual":false,"workflowId":"ti1OYFY9BNsSJA2g","workflowName":"Analyse CV"}}
{"__type":"$$EventMessageConfirm","confirm":"fd37f017-ec18-4552-a8c0-a8ac34be7381","ts":"2025-12-26T23:33:56.656+01:00","source":{"id":"0","name":"eventBus"}}
{"__type":"$$EventMessageWorkflow","id":"9c2ca719-2faf-444e-a9b4-50e48422a338","ts":"2025-12-26T23:41:39.670+01:00","eventName":"n8n.workflow.started","message":"n8n.workflow.started","payload":{"executionId":"118","workflowId":"ti1OYFY9BNsSJA2g","isManual":false,"workflowName":"Analyse CV"}}
{"__type":"$$EventMessageConfirm","confirm":"9c2ca719-2faf-444e-a9b4-50e48422a338","ts":"2025-12-26T23:41:39.671+01:00","source":{"id":"0","name":"eventBus"}}
{"__type":"$$EventMessageNode","id":"ee986e15-1b06-431b-a16c-43502b520af6","ts":"2025-12-26T23:41:39.673+01:00","eventName":"n8n.node.started","message":"n8n.node.started","payload":{"workflowId":"ti1OYFY9BNsSJA2g","workflowName":"Analyse CV","executionId":"118","nodeType":"n8n-nodes-base.webhook","nodeName":"Webhook","nodeId":"ad9270ed-6d80-4d37-b5de-f3a197452e0d"}}
{"__type":"$$EventMessageConfirm","confirm":"ee986e15-1b06-431b-a16c-43502b520af6","ts":"2025-12-26T23:41:39.673+01:00","source":{"id":"0","name":"eventBus"}}
{"__type":"$$EventMessageNode","id":"02642898-afcf-4d35-b4e0-6b42db613f26","ts":"2025-12-26T23:41:39.674+01:00","eventName":"n8n.node.finished","message":"n8n.node.finished","payload":{"workflowId":"ti1OYFY9BNsSJA2g","workflowName":"Analyse CV","executionId":"118","nodeType":"n8n-nodes-base.webhook","nodeName":"Webhook","nodeId":"ad9270ed-6d80-4d37-b5de-f3a197452e0d"}}
{"__type":"$$EventMessageConfirm","confirm":"02642898-afcf-4d35-b4e0-6b42db613f26","ts":"2025-12-26T23:41:39.674+01:00","source":{"id":"0","name":"eventBus"}}
{"__type":"$$EventMessageNode","id":"68f232d2-aab3-4f5d-a540-8b0052cfce4c","ts":"2025-12-26T23:41:39.675+01:00","eventName":"n8n.node.started","message":"n8n.node.started","payload":{"workflowId":"ti1OYFY9BNsSJA2g","workflowName":"Analyse CV","executionId":"118","nodeType":"n8n-nodes-base.httpRequest","nodeName":"HTTP Request","nodeId":"8409aa6c-c695-4949-8a57-9ff69145e234"}}
{"__type":"$$EventMessageConfirm","confirm":"68f232d2-aab3-4f5d-a540-8b0052cfce4c","ts":"2025-12-26T23:41:39.675+01:00","source":{"id":"0","name":"eventBus"}}
{"__type":"$$EventMessageNode","id":"38c4ce5f-23df-434a-9eec-da92aa3e3c06","ts":"2025-12-26T23:41:56.579+01:00","eventName":"n8n.node.finished","message":"n8n.node.finished","payload":{"workflowId":"ti1OYFY9BNsSJA2g","workflowName":"Analyse CV","executionId":"118","nodeType":"n8n-nodes-base.httpRequest","nodeName":"HTTP Request","nodeId":"8409aa6c-c695-4949-8a57-9ff69145e234"}}
{"__type":"$$EventMessageConfirm","confirm":"38c4ce5f-23df-434a-9eec-da92aa3e3c06","ts":"2025-12-26T23:41:56.579+01:00","source":{"id":"0","name":"eventBus"}}
{"__type":"$$EventMessageNode","id":"38728d77-833f-41e7-b445-693c02303118","ts":"2025-12-26T23:41:56.580+01:00","eventName":"n8n.node.started","message":"n8n.node.started","payload":{"workflowId":"ti1OYFY9BNsSJA2g","workflowName":"Analyse CV","executionId":"118","nodeType":"n8n-nodes-base.respondToWebhook","nodeName":"Respond to Webhook1","nodeId":"325c4c94-80e2-41c4-89a2-afdcf3a4b016"}}
{"__type":"$$EventMessageConfirm","confirm":"38728d77-833f-41e7-b445-693c02303118","ts":"2025-12-26T23:41:56.581+01:00","source":{"id":"0","name":"eventBus"}}
{"__type":"$$EventMessageNode","id":"4dbd968d-1b6d-464f-9163-19015c5be758","ts":"2025-12-26T23:41:56.596+01:00","eventName":"n8n.node.finished","message":"n8n.node.finished","payload":{"workflowId":"ti1OYFY9BNsSJA2g","workflowName":"Analyse CV","executionId":"118","nodeType":"n8n-nodes-base.respondToWebhook","nodeName":"Respond to Webhook1","nodeId":"325c4c94-80e2-41c4-89a2-afdcf3a4b016"}}
{"__type":"$$EventMessageConfirm","confirm":"4dbd968d-1b6d-464f-9163-19015c5be758","ts":"2025-12-26T23:41:56.596+01:00","source":{"id":"0","name":"eventBus"}}
{"__type":"$$EventMessageWorkflow","id":"05216952-0ee2-40e8-bc52-93ffb6f32da0","ts":"2025-12-26T23:41:56.598+01:00","eventName":"n8n.workflow.success","message":"n8n.workflow.success","payload":{"executionId":"118","success":true,"isManual":false,"workflowId":"ti1OYFY9BNsSJA2g","workflowName":"Analyse CV"}}
{"__type":"$$EventMessageConfirm","confirm":"05216952-0ee2-40e8-bc52-93ffb6f32da0","ts":"2025-12-26T23:41:56.599+01:00","source":{"id":"0","name":"eventBus"}}
{"__type":"$$EventMessageWorkflow","id":"1f9bfca1-e260-4234-9ad4-1ab4c94442af","ts":"2025-12-26T23:45:38.379+01:00","eventName":"n8n.workflow.started","message":"n8n.workflow.started","payload":{"executionId":"119","workflowId":"XwX94uNj1XZLDydd","isManual":false,"workflowName":"Chatbot"}}
{"__type":"$$EventMessageConfirm","confirm":"1f9bfca1-e260-4234-9ad4-1ab4c94442af","ts":"2025-12-26T23:45:38.379+01:00","source":{"id":"0","name":"eventBus"}}
{"__type":"$$EventMessageNode","id":"058d00a9-33ef-4e3f-9347-a96cac10be4c","ts":"2025-12-26T23:45:38.380+01:00","eventName":"n8n.node.started","message":"n8n.node.started","payload":{"workflowId":"XwX94uNj1XZLDydd","workflowName":"Chatbot","executionId":"119","nodeType":"n8n-nodes-base.webhook","nodeName":"Webhook","nodeId":"2097c48f-7a38-404b-a217-25a2c227d953"}}
{"__type":"$$EventMessageConfirm","confirm":"058d00a9-33ef-4e3f-9347-a96cac10be4c","ts":"2025-12-26T23:45:38.380+01:00","source":{"id":"0","name":"eventBus"}}
{"__type":"$$EventMessageNode","id":"a8100175-d556-4a7c-923d-ef7cbaf4e316","ts":"2025-12-26T23:45:38.381+01:00","eventName":"n8n.node.finished","message":"n8n.node.finished","payload":{"workflowId":"XwX94uNj1XZLDydd","workflowName":"Chatbot","executionId":"119","nodeType":"n8n-nodes-base.webhook","nodeName":"Webhook","nodeId":"2097c48f-7a38-404b-a217-25a2c227d953"}}
{"__type":"$$EventMessageConfirm","confirm":"a8100175-d556-4a7c-923d-ef7cbaf4e316","ts":"2025-12-26T23:45:38.381+01:00","source":{"id":"0","name":"eventBus"}}
{"__type":"$$EventMessageNode","id":"adf7103c-8e94-4f4c-95b7-36456e0a189e","ts":"2025-12-26T23:45:38.382+01:00","eventName":"n8n.node.started","message":"n8n.node.started","payload":{"workflowId":"XwX94uNj1XZLDydd","workflowName":"Chatbot","executionId":"119","nodeType":"n8n-nodes-base.httpRequest","nodeName":"HTTP Request","nodeId":"4448c6a7-ab1e-46be-9a33-1727b950acca"}}
{"__type":"$$EventMessageConfirm","confirm":"adf7103c-8e94-4f4c-95b7-36456e0a189e","ts":"2025-12-26T23:45:38.382+01:00","source":{"id":"0","name":"eventBus"}}
{"__type":"$$EventMessageNode","id":"66374ca6-7d42-44e6-80cb-09f835e13381","ts":"2025-12-26T23:45:47.938+01:00","eventName":"n8n.node.finished","message":"n8n.node.finished","payload":{"workflowId":"XwX94uNj1XZLDydd","workflowName":"Chatbot","executionId":"119","nodeType":"n8n-nodes-base.httpRequest","nodeName":"HTTP Request","nodeId":"4448c6a7-ab1e-46be-9a33-1727b950acca"}}
{"__type":"$$EventMessageConfirm","confirm":"66374ca6-7d42-44e6-80cb-09f835e13381","ts":"2025-12-26T23:45:47.939+01:00","source":{"id":"0","name":"eventBus"}}
{"__type":"$$EventMessageNode","id":"09a199ba-7314-4ca0-acb9-a0e6fcc3e26f","ts":"2025-12-26T23:45:47.941+01:00","eventName":"n8n.node.started","message":"n8n.node.started","payload":{"workflowId":"XwX94uNj1XZLDydd","workflowName":"Chatbot","executionId":"119","nodeType":"n8n-nodes-base.respondToWebhook","nodeName":"Respond to Webhook","nodeId":"a1d09c34-fc3b-4468-9cf2-17cd8a09e1be"}}
{"__type":"$$EventMessageConfirm","confirm":"09a199ba-7314-4ca0-acb9-a0e6fcc3e26f","ts":"2025-12-26T23:45:47.942+01:00","source":{"id":"0","name":"eventBus"}}
{"__type":"$$EventMessageNode","id":"3e195cde-b4fa-4a76-a918-9fd22efd7c02","ts":"2025-12-26T23:45:47.986+01:00","eventName":"n8n.node.finished","message":"n8n.node.finished","payload":{"workflowId":"XwX94uNj1XZLDydd","workflowName":"Chatbot","executionId":"119","nodeType":"n8n-nodes-base.respondToWebhook","nodeName":"Respond to Webhook","nodeId":"a1d09c34-fc3b-4468-9cf2-17cd8a09e1be"}}
{"__type":"$$EventMessageConfirm","confirm":"3e195cde-b4fa-4a76-a918-9fd22efd7c02","ts":"2025-12-26T23:45:47.987+01:00","source":{"id":"0","name":"eventBus"}}
{"__type":"$$EventMessageWorkflow","id":"529852f9-66a0-472c-b704-517e82c2ab9f","ts":"2025-12-26T23:45:47.987+01:00","eventName":"n8n.workflow.success","message":"n8n.workflow.success","payload":{"executionId":"119","success":true,"isManual":false,"workflowId":"XwX94uNj1XZLDydd","workflowName":"Chatbot"}}
{"__type":"$$EventMessageConfirm","confirm":"529852f9-66a0-472c-b704-517e82c2ab9f","ts":"2025-12-26T23:45:47.988+01:00","source":{"id":"0","name":"eventBus"}}
{"__type":"$$EventMessageWorkflow","id":"1ceedeb0-d9ce-4624-a655-53c7e620986c","ts":"2025-12-26T23:47:22.389+01:00","eventName":"n8n.workflow.started","message":"n8n.workflow.started","payload":{"executionId":"120","workflowId":"XwX94uNj1XZLDydd","isManual":false,"workflowName":"Chatbot"}}
{"__type":"$$EventMessageConfirm","confirm":"1ceedeb0-d9ce-4624-a655-53c7e620986c","ts":"2025-12-26T23:47:22.390+01:00","source":{"id":"0","name":"eventBus"}}
{"__type":"$$EventMessageNode","id":"0c284bae-cf5e-4163-bfd5-5c238b02afa5","ts":"2025-12-26T23:47:22.391+01:00","eventName":"n8n.node.started","message":"n8n.node.started","payload":{"workflowId":"XwX94uNj1XZLDydd","workflowName":"Chatbot","executionId":"120","nodeType":"n8n-nodes-base.webhook","nodeName":"Webhook","nodeId":"2097c48f-7a38-404b-a217-25a2c227d953"}}
{"__type":"$$EventMessageConfirm","confirm":"0c284bae-cf5e-4163-bfd5-5c238b02afa5","ts":"2025-12-26T23:47:22.391+01:00","source":{"id":"0","name":"eventBus"}}
{"__type":"$$EventMessageNode","id":"fa876c15-5a05-4a83-a78b-8953e98b78ab","ts":"2025-12-26T23:47:22.396+01:00","eventName":"n8n.node.finished","message":"n8n.node.finished","payload":{"workflowId":"XwX94uNj1XZLDydd","workflowName":"Chatbot","executionId":"120","nodeType":"n8n-nodes-base.webhook","nodeName":"Webhook","nodeId":"2097c48f-7a38-404b-a217-25a2c227d953"}}
{"__type":"$$EventMessageConfirm","confirm":"fa876c15-5a05-4a83-a78b-8953e98b78ab","ts":"2025-12-26T23:47:22.397+01:00","source":{"id":"0","name":"eventBus"}}
{"__type":"$$EventMessageNode","id":"7c427920-29d4-499b-8505-ca46811e0ad0","ts":"2025-12-26T23:47:22.397+01:00","eventName":"n8n.node.started","message":"n8n.node.started","payload":{"workflowId":"XwX94uNj1XZLDydd","workflowName":"Chatbot","executionId":"120","nodeType":"n8n-nodes-base.httpRequest","nodeName":"HTTP Request","nodeId":"4448c6a7-ab1e-46be-9a33-1727b950acca"}}
{"__type":"$$EventMessageConfirm","confirm":"7c427920-29d4-499b-8505-ca46811e0ad0","ts":"2025-12-26T23:47:22.397+01:00","source":{"id":"0","name":"eventBus"}}
{"__type":"$$EventMessageNode","id":"ddb60d15-5cd0-48d1-9976-2c4b2278a7dc","ts":"2025-12-26T23:47:34.851+01:00","eventName":"n8n.node.finished","message":"n8n.node.finished","payload":{"workflowId":"XwX94uNj1XZLDydd","workflowName":"Chatbot","executionId":"120","nodeType":"n8n-nodes-base.httpRequest","nodeName":"HTTP Request","nodeId":"4448c6a7-ab1e-46be-9a33-1727b950acca"}}
{"__type":"$$EventMessageConfirm","confirm":"ddb60d15-5cd0-48d1-9976-2c4b2278a7dc","ts":"2025-12-26T23:47:34.851+01:00","source":{"id":"0","name":"eventBus"}}
{"__type":"$$EventMessageNode","id":"b82b4d90-7623-46aa-af81-61ca5c887a8f","ts":"2025-12-26T23:47:34.852+01:00","eventName":"n8n.node.started","message":"n8n.node.started","payload":{"workflowId":"XwX94uNj1XZLDydd","workflowName":"Chatbot","executionId":"120","nodeType":"n8n-nodes-base.respondToWebhook","nodeName":"Respond to Webhook","nodeId":"a1d09c34-fc3b-4468-9cf2-17cd8a09e1be"}}
{"__type":"$$EventMessageConfirm","confirm":"b82b4d90-7623-46aa-af81-61ca5c887a8f","ts":"2025-12-26T23:47:34.852+01:00","source":{"id":"0","name":"eventBus"}}
{"__type":"$$EventMessageNode","id":"f7652abd-5e2c-4085-9bad-b661677f6a46","ts":"2025-12-26T23:47:34.867+01:00","eventName":"n8n.node.finished","message":"n8n.node.finished","payload":{"workflowId":"XwX94uNj1XZLDydd","workflowName":"Chatbot","executionId":"120","nodeType":"n8n-nodes-base.respondToWebhook","nodeName":"Respond to Webhook","nodeId":"a1d09c34-fc3b-4468-9cf2-17cd8a09e1be"}}
{"__type":"$$EventMessageConfirm","confirm":"f7652abd-5e2c-4085-9bad-b661677f6a46","ts":"2025-12-26T23:47:34.867+01:00","source":{"id":"0","name":"eventBus"}}
{"__type":"$$EventMessageWorkflow","id":"9501c28e-9a51-4dc2-b489-b563d2e9154e","ts":"2025-12-26T23:47:34.878+01:00","eventName":"n8n.workflow.success","message":"n8n.workflow.success","payload":{"executionId":"120","success":true,"isManual":false,"workflowId":"XwX94uNj1XZLDydd","workflowName":"Chatbot"}}
{"__type":"$$EventMessageConfirm","confirm":"9501c28e-9a51-4dc2-b489-b563d2e9154e","ts":"2025-12-26T23:47:34.878+01:00","source":{"id":"0","name":"eventBus"}}
{"__type":"$$EventMessageWorkflow","id":"93df32ba-51fa-4d34-85b4-db4579293cec","ts":"2025-12-26T23:58:08.895+01:00","eventName":"n8n.workflow.started","message":"n8n.workflow.started","payload":{"executionId":"121","workflowId":"XwX94uNj1XZLDydd","isManual":false,"workflowName":"Chatbot"}}
{"__type":"$$EventMessageConfirm","confirm":"93df32ba-51fa-4d34-85b4-db4579293cec","ts":"2025-12-26T23:58:08.896+01:00","source":{"id":"0","name":"eventBus"}}
{"__type":"$$EventMessageNode","id":"e4c6a23a-b3e4-47c2-aa3d-7ed95e36dfe0","ts":"2025-12-26T23:58:08.896+01:00","eventName":"n8n.node.started","message":"n8n.node.started","payload":{"workflowId":"XwX94uNj1XZLDydd","workflowName":"Chatbot","executionId":"121","nodeType":"n8n-nodes-base.webhook","nodeName":"Webhook","nodeId":"2097c48f-7a38-404b-a217-25a2c227d953"}}
{"__type":"$$EventMessageConfirm","confirm":"e4c6a23a-b3e4-47c2-aa3d-7ed95e36dfe0","ts":"2025-12-26T23:58:08.897+01:00","source":{"id":"0","name":"eventBus"}}
{"__type":"$$EventMessageNode","id":"03c0e777-2850-475c-aec1-629266cb06a2","ts":"2025-12-26T23:58:08.897+01:00","eventName":"n8n.node.finished","message":"n8n.node.finished","payload":{"workflowId":"XwX94uNj1XZLDydd","workflowName":"Chatbot","executionId":"121","nodeType":"n8n-nodes-base.webhook","nodeName":"Webhook","nodeId":"2097c48f-7a38-404b-a217-25a2c227d953"}}
{"__type":"$$EventMessageConfirm","confirm":"03c0e777-2850-475c-aec1-629266cb06a2","ts":"2025-12-26T23:58:08.897+01:00","source":{"id":"0","name":"eventBus"}}
{"__type":"$$EventMessageNode","id":"f855240d-f60c-40a7-9dc9-408d581312e9","ts":"2025-12-26T23:58:08.898+01:00","eventName":"n8n.node.started","message":"n8n.node.started","payload":{"workflowId":"XwX94uNj1XZLDydd","workflowName":"Chatbot","executionId":"121","nodeType":"n8n-nodes-base.httpRequest","nodeName":"HTTP Request","nodeId":"4448c6a7-ab1e-46be-9a33-1727b950acca"}}
{"__type":"$$EventMessageConfirm","confirm":"f855240d-f60c-40a7-9dc9-408d581312e9","ts":"2025-12-26T23:58:08.898+01:00","source":{"id":"0","name":"eventBus"}}
{"__type":"$$EventMessageNode","id":"9d3a54e4-3b83-4119-b88c-9eabeae2034e","ts":"2025-12-26T23:58:17.967+01:00","eventName":"n8n.node.finished","message":"n8n.node.finished","payload":{"workflowId":"XwX94uNj1XZLDydd","workflowName":"Chatbot","executionId":"121","nodeType":"n8n-nodes-base.httpRequest","nodeName":"HTTP Request","nodeId":"4448c6a7-ab1e-46be-9a33-1727b950acca"}}
{"__type":"$$EventMessageConfirm","confirm":"9d3a54e4-3b83-4119-b88c-9eabeae2034e","ts":"2025-12-26T23:58:17.969+01:00","source":{"id":"0","name":"eventBus"}}
{"__type":"$$EventMessageNode","id":"5490fb0f-ee13-420c-aa1e-7cf2298c155c","ts":"2025-12-26T23:58:17.970+01:00","eventName":"n8n.node.started","message":"n8n.node.started","payload":{"workflowId":"XwX94uNj1XZLDydd","workflowName":"Chatbot","executionId":"121","nodeType":"n8n-nodes-base.respondToWebhook","nodeName":"Respond to Webhook","nodeId":"a1d09c34-fc3b-4468-9cf2-17cd8a09e1be"}}
{"__type":"$$EventMessageConfirm","confirm":"5490fb0f-ee13-420c-aa1e-7cf2298c155c","ts":"2025-12-26T23:58:17.971+01:00","source":{"id":"0","name":"eventBus"}}
{"__type":"$$EventMessageNode","id":"3e37f749-c055-42d8-836f-7cebec1f829f","ts":"2025-12-26T23:58:18.016+01:00","eventName":"n8n.node.finished","message":"n8n.node.finished","payload":{"workflowId":"XwX94uNj1XZLDydd","workflowName":"Chatbot","executionId":"121","nodeType":"n8n-nodes-base.respondToWebhook","nodeName":"Respond to Webhook","nodeId":"a1d09c34-fc3b-4468-9cf2-17cd8a09e1be"}}
{"__type":"$$EventMessageConfirm","confirm":"3e37f749-c055-42d8-836f-7cebec1f829f","ts":"2025-12-26T23:58:18.017+01:00","source":{"id":"0","name":"eventBus"}}
{"__type":"$$EventMessageWorkflow","id":"65a72cf1-8b09-4265-b86b-a4744fcf6978","ts":"2025-12-26T23:58:18.018+01:00","eventName":"n8n.workflow.success","message":"n8n.workflow.success","payload":{"executionId":"121","success":true,"isManual":false,"workflowId":"XwX94uNj1XZLDydd","workflowName":"Chatbot"}}
{"__type":"$$EventMessageConfirm","confirm":"65a72cf1-8b09-4265-b86b-a4744fcf6978","ts":"2025-12-26T23:58:18.018+01:00","source":{"id":"0","name":"eventBus"}}
{"__type":"$$EventMessageWorkflow","id":"80d26a52-e66d-4df5-bc92-a9aeee8c5bd0","ts":"2025-12-27T00:01:25.433+01:00","eventName":"n8n.workflow.started","message":"n8n.workflow.started","payload":{"executionId":"122","workflowId":"ti1OYFY9BNsSJA2g","isManual":false,"workflowName":"Analyse CV"}}
{"__type":"$$EventMessageConfirm","confirm":"80d26a52-e66d-4df5-bc92-a9aeee8c5bd0","ts":"2025-12-27T00:01:25.433+01:00","source":{"id":"0","name":"eventBus"}}
{"__type":"$$EventMessageNode","id":"306ecdb6-a07d-4ba9-bf8a-689e0ad88680","ts":"2025-12-27T00:01:25.434+01:00","eventName":"n8n.node.started","message":"n8n.node.started","payload":{"workflowId":"ti1OYFY9BNsSJA2g","workflowName":"Analyse CV","executionId":"122","nodeType":"n8n-nodes-base.webhook","nodeName":"Webhook","nodeId":"ad9270ed-6d80-4d37-b5de-f3a197452e0d"}}
{"__type":"$$EventMessageConfirm","confirm":"306ecdb6-a07d-4ba9-bf8a-689e0ad88680","ts":"2025-12-27T00:01:25.434+01:00","source":{"id":"0","name":"eventBus"}}
{"__type":"$$EventMessageNode","id":"203188c9-8923-4667-ad09-de8a66c9bad5","ts":"2025-12-27T00:01:25.435+01:00","eventName":"n8n.node.finished","message":"n8n.node.finished","payload":{"workflowId":"ti1OYFY9BNsSJA2g","workflowName":"Analyse CV","executionId":"122","nodeType":"n8n-nodes-base.webhook","nodeName":"Webhook","nodeId":"ad9270ed-6d80-4d37-b5de-f3a197452e0d"}}
{"__type":"$$EventMessageConfirm","confirm":"203188c9-8923-4667-ad09-de8a66c9bad5","ts":"2025-12-27T00:01:25.436+01:00","source":{"id":"0","name":"eventBus"}}
{"__type":"$$EventMessageNode","id":"84cc4612-ecdb-4466-b38d-53645859056d","ts":"2025-12-27T00:01:25.436+01:00","eventName":"n8n.node.started","message":"n8n.node.started","payload":{"workflowId":"ti1OYFY9BNsSJA2g","workflowName":"Analyse CV","executionId":"122","nodeType":"n8n-nodes-base.httpRequest","nodeName":"HTTP Request","nodeId":"8409aa6c-c695-4949-8a57-9ff69145e234"}}
{"__type":"$$EventMessageConfirm","confirm":"84cc4612-ecdb-4466-b38d-53645859056d","ts":"2025-12-27T00:01:25.436+01:00","source":{"id":"0","name":"eventBus"}}
{"__type":"$$EventMessageNode","id":"74aa3e61-2a81-4ab9-8784-ddd6e62fb844","ts":"2025-12-27T00:01:51.246+01:00","eventName":"n8n.node.finished","message":"n8n.node.finished","payload":{"workflowId":"ti1OYFY9BNsSJA2g","workflowName":"Analyse CV","executionId":"122","nodeType":"n8n-nodes-base.httpRequest","nodeName":"HTTP Request","nodeId":"8409aa6c-c695-4949-8a57-9ff69145e234"}}
{"__type":"$$EventMessageConfirm","confirm":"74aa3e61-2a81-4ab9-8784-ddd6e62fb844","ts":"2025-12-27T00:01:51.247+01:00","source":{"id":"0","name":"eventBus"}}
{"__type":"$$EventMessageNode","id":"1f37a5ed-d134-4706-86a3-111250e592f0","ts":"2025-12-27T00:01:51.248+01:00","eventName":"n8n.node.started","message":"n8n.node.started","payload":{"workflowId":"ti1OYFY9BNsSJA2g","workflowName":"Analyse CV","executionId":"122","nodeType":"n8n-nodes-base.respondToWebhook","nodeName":"Respond to Webhook1","nodeId":"325c4c94-80e2-41c4-89a2-afdcf3a4b016"}}
{"__type":"$$EventMessageConfirm","confirm":"1f37a5ed-d134-4706-86a3-111250e592f0","ts":"2025-12-27T00:01:51.250+01:00","source":{"id":"0","name":"eventBus"}}
{"__type":"$$EventMessageNode","id":"f17a1e3b-cf21-4341-bb44-b5db2f1d6f26","ts":"2025-12-27T00:01:51.291+01:00","eventName":"n8n.node.finished","message":"n8n.node.finished","payload":{"workflowId":"ti1OYFY9BNsSJA2g","workflowName":"Analyse CV","executionId":"122","nodeType":"n8n-nodes-base.respondToWebhook","nodeName":"Respond to Webhook1","nodeId":"325c4c94-80e2-41c4-89a2-afdcf3a4b016"}}
{"__type":"$$EventMessageConfirm","confirm":"f17a1e3b-cf21-4341-bb44-b5db2f1d6f26","ts":"2025-12-27T00:01:51.292+01:00","source":{"id":"0","name":"eventBus"}}
{"__type":"$$EventMessageWorkflow","id":"7974c2dd-54f3-4775-81a5-3c4d1e264094","ts":"2025-12-27T00:01:51.296+01:00","eventName":"n8n.workflow.success","message":"n8n.workflow.success","payload":{"executionId":"122","success":true,"isManual":false,"workflowId":"ti1OYFY9BNsSJA2g","workflowName":"Analyse CV"}}
{"__type":"$$EventMessageConfirm","confirm":"7974c2dd-54f3-4775-81a5-3c4d1e264094","ts":"2025-12-27T00:01:51.297+01:00","source":{"id":"0","name":"eventBus"}}
{"__type":"$$EventMessageWorkflow","id":"69c0d4d4-8ab2-4e0d-b44a-f67470ca67d2","ts":"2025-12-27T00:02:03.381+01:00","eventName":"n8n.workflow.started","message":"n8n.workflow.started","payload":{"executionId":"123","workflowId":"goUXc6XHvN9mcw8o","isManual":false,"workflowName":"Recherche d'Offres"}}
{"__type":"$$EventMessageConfirm","confirm":"69c0d4d4-8ab2-4e0d-b44a-f67470ca67d2","ts":"2025-12-27T00:02:03.382+01:00","source":{"id":"0","name":"eventBus"}}
{"__type":"$$EventMessageNode","id":"b0dbef98-3704-4b0e-8ddc-e99800007360","ts":"2025-12-27T00:02:03.382+01:00","eventName":"n8n.node.started","message":"n8n.node.started","payload":{"workflowId":"goUXc6XHvN9mcw8o","workflowName":"Recherche d'Offres","executionId":"123","nodeType":"n8n-nodes-base.webhook","nodeName":"Webhook","nodeId":"e386af63-e91a-421e-a3e1-86468adc9c14"}}
{"__type":"$$EventMessageConfirm","confirm":"b0dbef98-3704-4b0e-8ddc-e99800007360","ts":"2025-12-27T00:02:03.382+01:00","source":{"id":"0","name":"eventBus"}}
{"__type":"$$EventMessageNode","id":"d432bb91-3ba9-4fe1-b477-6d1ed765df92","ts":"2025-12-27T00:02:03.383+01:00","eventName":"n8n.node.finished","message":"n8n.node.finished","payload":{"workflowId":"goUXc6XHvN9mcw8o","workflowName":"Recherche d'Offres","executionId":"123","nodeType":"n8n-nodes-base.webhook","nodeName":"Webhook","nodeId":"e386af63-e91a-421e-a3e1-86468adc9c14"}}
{"__type":"$$EventMessageConfirm","confirm":"d432bb91-3ba9-4fe1-b477-6d1ed765df92","ts":"2025-12-27T00:02:03.383+01:00","source":{"id":"0","name":"eventBus"}}
{"__type":"$$EventMessageNode","id":"490ea069-6e26-4df5-880b-f3d4da1767a3","ts":"2025-12-27T00:02:03.383+01:00","eventName":"n8n.node.started","message":"n8n.node.started","payload":{"workflowId":"goUXc6XHvN9mcw8o","workflowName":"Recherche d'Offres","executionId":"123","nodeType":"n8n-nodes-base.httpRequest","nodeName":"HTTP Request","nodeId":"9b26d7f5-f896-4aa6-9544-71e1c7a1068c"}}
{"__type":"$$EventMessageConfirm","confirm":"490ea069-6e26-4df5-880b-f3d4da1767a3","ts":"2025-12-27T00:02:03.383+01:00","source":{"id":"0","name":"eventBus"}}
{"__type":"$$EventMessageNode","id":"fd1c84f3-ec15-4518-b0ae-b6d96dc540ea","ts":"2025-12-27T00:02:07.188+01:00","eventName":"n8n.node.finished","message":"n8n.node.finished","payload":{"workflowId":"goUXc6XHvN9mcw8o","workflowName":"Recherche d'Offres","executionId":"123","nodeType":"n8n-nodes-base.httpRequest","nodeName":"HTTP Request","nodeId":"9b26d7f5-f896-4aa6-9544-71e1c7a1068c"}}
{"__type":"$$EventMessageConfirm","confirm":"fd1c84f3-ec15-4518-b0ae-b6d96dc540ea","ts":"2025-12-27T00:02:07.190+01:00","source":{"id":"0","name":"eventBus"}}
{"__type":"$$EventMessageNode","id":"3bd180fe-c612-45a3-a804-4ec0e86de10f","ts":"2025-12-27T00:02:07.190+01:00","eventName":"n8n.node.started","message":"n8n.node.started","payload":{"workflowId":"goUXc6XHvN9mcw8o","workflowName":"Recherche d'Offres","executionId":"123","nodeType":"n8n-nodes-base.code","nodeName":"Code in JavaScript","nodeId":"5ab6551f-4e69-418e-a80c-d324ac10e922"}}
{"__type":"$$EventMessageConfirm","confirm":"3bd180fe-c612-45a3-a804-4ec0e86de10f","ts":"2025-12-27T00:02:07.191+01:00","source":{"id":"0","name":"eventBus"}}
{"__type":"$$EventMessageRunner","id":"9c70fed7-374e-4604-8cb2-5489117a81f5","ts":"2025-12-27T00:02:07.252+01:00","eventName":"n8n.runner.task.requested","message":"n8n.runner.task.requested","payload":{"taskId":"rIVSWK5D","nodeId":"5ab6551f-4e69-418e-a80c-d324ac10e922","workflowId":"goUXc6XHvN9mcw8o","executionId":"123"}}
{"__type":"$$EventMessageConfirm","confirm":"9c70fed7-374e-4604-8cb2-5489117a81f5","ts":"2025-12-27T00:02:07.252+01:00","source":{"id":"0","name":"eventBus"}}
{"__type":"$$EventMessageRunner","id":"65f9b33c-d3ce-422c-be90-1e4b67eb8bf9","ts":"2025-12-27T00:02:08.052+01:00","eventName":"n8n.runner.response.received","message":"n8n.runner.response.received","payload":{"taskId":"rIVSWK5D","nodeId":"5ab6551f-4e69-418e-a80c-d324ac10e922","workflowId":"goUXc6XHvN9mcw8o","executionId":"123"}}
{"__type":"$$EventMessageConfirm","confirm":"65f9b33c-d3ce-422c-be90-1e4b67eb8bf9","ts":"2025-12-27T00:02:08.053+01:00","source":{"id":"0","name":"eventBus"}}
{"__type":"$$EventMessageNode","id":"641295a3-87e7-47f2-9f9b-dd919928d6d5","ts":"2025-12-27T00:02:08.060+01:00","eventName":"n8n.node.finished","message":"n8n.node.finished","payload":{"workflowId":"goUXc6XHvN9mcw8o","workflowName":"Recherche d'Offres","executionId":"123","nodeType":"n8n-nodes-base.code","nodeName":"Code in JavaScript","nodeId":"5ab6551f-4e69-418e-a80c-d324ac10e922"}}
{"__type":"$$EventMessageConfirm","confirm":"641295a3-87e7-47f2-9f9b-dd919928d6d5","ts":"2025-12-27T00:02:08.060+01:00","source":{"id":"0","name":"eventBus"}}
{"__type":"$$EventMessageNode","id":"da729dcf-610d-4128-a6a1-2d69f263cd94","ts":"2025-12-27T00:02:08.060+01:00","eventName":"n8n.node.started","message":"n8n.node.started","payload":{"workflowId":"goUXc6XHvN9mcw8o","workflowName":"Recherche d'Offres","executionId":"123","nodeType":"n8n-nodes-base.respondToWebhook","nodeName":"Respond to Webhook","nodeId":"0ddf0517-ceac-46ad-8183-5c3bf8da476d"}}
{"__type":"$$EventMessageConfirm","confirm":"da729dcf-610d-4128-a6a1-2d69f263cd94","ts":"2025-12-27T00:02:08.061+01:00","source":{"id":"0","name":"eventBus"}}
{"__type":"$$EventMessageNode","id":"fc700134-8c0e-4b70-892f-62c549fd871c","ts":"2025-12-27T00:02:08.110+01:00","eventName":"n8n.node.finished","message":"n8n.node.finished","payload":{"workflowId":"goUXc6XHvN9mcw8o","workflowName":"Recherche d'Offres","executionId":"123","nodeType":"n8n-nodes-base.respondToWebhook","nodeName":"Respond to Webhook","nodeId":"0ddf0517-ceac-46ad-8183-5c3bf8da476d"}}
{"__type":"$$EventMessageConfirm","confirm":"fc700134-8c0e-4b70-892f-62c549fd871c","ts":"2025-12-27T00:02:08.111+01:00","source":{"id":"0","name":"eventBus"}}
{"__type":"$$EventMessageWorkflow","id":"84fb0846-72a1-464c-b08c-9df61f21c725","ts":"2025-12-27T00:02:08.111+01:00","eventName":"n8n.workflow.success","message":"n8n.workflow.success","payload":{"executionId":"123","success":true,"isManual":false,"workflowId":"goUXc6XHvN9mcw8o","workflowName":"Recherche d'Offres"}}
{"__type":"$$EventMessageConfirm","confirm":"84fb0846-72a1-464c-b08c-9df61f21c725","ts":"2025-12-27T00:02:08.111+01:00","source":{"id":"0","name":"eventBus"}}
{"__type":"$$EventMessageWorkflow","id":"1a8878e3-72ee-4c9e-83dd-2cdb4fb7b0fe","ts":"2025-12-27T00:02:08.475+01:00","eventName":"n8n.workflow.started","message":"n8n.workflow.started","payload":{"executionId":"124","workflowId":"goUXc6XHvN9mcw8o","isManual":false,"workflowName":"Recherche d'Offres"}}
{"__type":"$$EventMessageConfirm","confirm":"1a8878e3-72ee-4c9e-83dd-2cdb4fb7b0fe","ts":"2025-12-27T00:02:08.475+01:00","source":{"id":"0","name":"eventBus"}}
{"__type":"$$EventMessageNode","id":"ac5ef180-2429-4175-b6ab-465c37bf032a","ts":"2025-12-27T00:02:08.476+01:00","eventName":"n8n.node.started","message":"n8n.node.started","payload":{"workflowId":"goUXc6XHvN9mcw8o","workflowName":"Recherche d'Offres","executionId":"124","nodeType":"n8n-nodes-base.webhook","nodeName":"Webhook","nodeId":"e386af63-e91a-421e-a3e1-86468adc9c14"}}
{"__type":"$$EventMessageConfirm","confirm":"ac5ef180-2429-4175-b6ab-465c37bf032a","ts":"2025-12-27T00:02:08.477+01:00","source":{"id":"0","name":"eventBus"}}
{"__type":"$$EventMessageNode","id":"a11aa90e-8b75-41c7-a273-9c5cfaadbe8b","ts":"2025-12-27T00:02:08.477+01:00","eventName":"n8n.node.finished","message":"n8n.node.finished","payload":{"workflowId":"goUXc6XHvN9mcw8o","workflowName":"Recherche d'Offres","executionId":"124","nodeType":"n8n-nodes-base.webhook","nodeName":"Webhook","nodeId":"e386af63-e91a-421e-a3e1-86468adc9c14"}}
{"__type":"$$EventMessageConfirm","confirm":"a11aa90e-8b75-41c7-a273-9c5cfaadbe8b","ts":"2025-12-27T00:02:08.478+01:00","source":{"id":"0","name":"eventBus"}}
{"__type":"$$EventMessageNode","id":"54218a1c-f88f-4b56-a9ef-0a56e07d56a6","ts":"2025-12-27T00:02:08.478+01:00","eventName":"n8n.node.started","message":"n8n.node.started","payload":{"workflowId":"goUXc6XHvN9mcw8o","workflowName":"Recherche d'Offres","executionId":"124","nodeType":"n8n-nodes-base.httpRequest","nodeName":"HTTP Request","nodeId":"9b26d7f5-f896-4aa6-9544-71e1c7a1068c"}}
{"__type":"$$EventMessageConfirm","confirm":"54218a1c-f88f-4b56-a9ef-0a56e07d56a6","ts":"2025-12-27T00:02:08.479+01:00","source":{"id":"0","name":"eventBus"}}
{"__type":"$$EventMessageNode","id":"c7d50344-ee36-44df-9ca2-5bca1cc6cd77","ts":"2025-12-27T00:02:12.314+01:00","eventName":"n8n.node.finished","message":"n8n.node.finished","payload":{"workflowId":"goUXc6XHvN9mcw8o","workflowName":"Recherche d'Offres","executionId":"124","nodeType":"n8n-nodes-base.httpRequest","nodeName":"HTTP Request","nodeId":"9b26d7f5-f896-4aa6-9544-71e1c7a1068c"}}
{"__type":"$$EventMessageConfirm","confirm":"c7d50344-ee36-44df-9ca2-5bca1cc6cd77","ts":"2025-12-27T00:02:12.315+01:00","source":{"id":"0","name":"eventBus"}}
{"__type":"$$EventMessageNode","id":"29ea4a5e-6373-417d-8bbf-f35de1ebbd35","ts":"2025-12-27T00:02:12.316+01:00","eventName":"n8n.node.started","message":"n8n.node.started","payload":{"workflowId":"goUXc6XHvN9mcw8o","workflowName":"Recherche d'Offres","executionId":"124","nodeType":"n8n-nodes-base.code","nodeName":"Code in JavaScript","nodeId":"5ab6551f-4e69-418e-a80c-d324ac10e922"}}
{"__type":"$$EventMessageConfirm","confirm":"29ea4a5e-6373-417d-8bbf-f35de1ebbd35","ts":"2025-12-27T00:02:12.317+01:00","source":{"id":"0","name":"eventBus"}}
{"__type":"$$EventMessageRunner","id":"f52b9763-5d46-4d65-afd8-d18db038e712","ts":"2025-12-27T00:02:12.325+01:00","eventName":"n8n.runner.task.requested","message":"n8n.runner.task.requested","payload":{"taskId":"EuayVwo8","nodeId":"5ab6551f-4e69-418e-a80c-d324ac10e922","workflowId":"goUXc6XHvN9mcw8o","executionId":"124"}}
{"__type":"$$EventMessageConfirm","confirm":"f52b9763-5d46-4d65-afd8-d18db038e712","ts":"2025-12-27T00:02:12.326+01:00","source":{"id":"0","name":"eventBus"}}
{"__type":"$$EventMessageRunner","id":"a7de8123-d3d8-41b7-9e50-1313ebed2124","ts":"2025-12-27T00:02:12.385+01:00","eventName":"n8n.runner.response.received","message":"n8n.runner.response.received","payload":{"taskId":"EuayVwo8","nodeId":"5ab6551f-4e69-418e-a80c-d324ac10e922","workflowId":"goUXc6XHvN9mcw8o","executionId":"124"}}
{"__type":"$$EventMessageConfirm","confirm":"a7de8123-d3d8-41b7-9e50-1313ebed2124","ts":"2025-12-27T00:02:12.385+01:00","source":{"id":"0","name":"eventBus"}}
{"__type":"$$EventMessageNode","id":"92141763-3f6b-49c7-8c3b-5132021f5a8c","ts":"2025-12-27T00:02:12.386+01:00","eventName":"n8n.node.finished","message":"n8n.node.finished","payload":{"workflowId":"goUXc6XHvN9mcw8o","workflowName":"Recherche d'Offres","executionId":"124","nodeType":"n8n-nodes-base.code","nodeName":"Code in JavaScript","nodeId":"5ab6551f-4e69-418e-a80c-d324ac10e922"}}
{"__type":"$$EventMessageConfirm","confirm":"92141763-3f6b-49c7-8c3b-5132021f5a8c","ts":"2025-12-27T00:02:12.387+01:00","source":{"id":"0","name":"eventBus"}}
{"__type":"$$EventMessageNode","id":"5e79d648-7aa3-4545-b6de-e65703cf5012","ts":"2025-12-27T00:02:12.387+01:00","eventName":"n8n.node.started","message":"n8n.node.started","payload":{"workflowId":"goUXc6XHvN9mcw8o","workflowName":"Recherche d'Offres","executionId":"124","nodeType":"n8n-nodes-base.respondToWebhook","nodeName":"Respond to Webhook","nodeId":"0ddf0517-ceac-46ad-8183-5c3bf8da476d"}}
{"__type":"$$EventMessageConfirm","confirm":"5e79d648-7aa3-4545-b6de-e65703cf5012","ts":"2025-12-27T00:02:12.387+01:00","source":{"id":"0","name":"eventBus"}}
{"__type":"$$EventMessageNode","id":"61c70368-9477-4393-aa11-471ba5490327","ts":"2025-12-27T00:02:12.394+01:00","eventName":"n8n.node.finished","message":"n8n.node.finished","payload":{"workflowId":"goUXc6XHvN9mcw8o","workflowName":"Recherche d'Offres","executionId":"124","nodeType":"n8n-nodes-base.respondToWebhook","nodeName":"Respond to Webhook","nodeId":"0ddf0517-ceac-46ad-8183-5c3bf8da476d"}}
{"__type":"$$EventMessageConfirm","confirm":"61c70368-9477-4393-aa11-471ba5490327","ts":"2025-12-27T00:02:12.395+01:00","source":{"id":"0","name":"eventBus"}}
{"__type":"$$EventMessageWorkflow","id":"5338c2bf-055e-4178-ac4c-da2351939a05","ts":"2025-12-27T00:02:12.397+01:00","eventName":"n8n.workflow.success","message":"n8n.workflow.success","payload":{"executionId":"124","success":true,"isManual":false,"workflowId":"goUXc6XHvN9mcw8o","workflowName":"Recherche d'Offres"}}
{"__type":"$$EventMessageConfirm","confirm":"5338c2bf-055e-4178-ac4c-da2351939a05","ts":"2025-12-27T00:02:12.397+01:00","source":{"id":"0","name":"eventBus"}}
{"__type":"$$EventMessageWorkflow","id":"2f718cd0-6e8c-486a-9617-2d6014b1184e","ts":"2025-12-27T00:02:12.709+01:00","eventName":"n8n.workflow.started","message":"n8n.workflow.started","payload":{"executionId":"125","workflowId":"goUXc6XHvN9mcw8o","isManual":false,"workflowName":"Recherche d'Offres"}}
{"__type":"$$EventMessageConfirm","confirm":"2f718cd0-6e8c-486a-9617-2d6014b1184e","ts":"2025-12-27T00:02:12.710+01:00","source":{"id":"0","name":"eventBus"}}
{"__type":"$$EventMessageNode","id":"4361fc4b-ecaa-4c1b-9ee2-fb6cf76b8842","ts":"2025-12-27T00:02:12.710+01:00","eventName":"n8n.node.started","message":"n8n.node.started","payload":{"workflowId":"goUXc6XHvN9mcw8o","workflowName":"Recherche d'Offres","executionId":"125","nodeType":"n8n-nodes-base.webhook","nodeName":"Webhook","nodeId":"e386af63-e91a-421e-a3e1-86468adc9c14"}}
{"__type":"$$EventMessageConfirm","confirm":"4361fc4b-ecaa-4c1b-9ee2-fb6cf76b8842","ts":"2025-12-27T00:02:12.710+01:00","source":{"id":"0","name":"eventBus"}}
{"__type":"$$EventMessageNode","id":"5ee109ed-1933-40b7-b746-7d77a9a05451","ts":"2025-12-27T00:02:12.711+01:00","eventName":"n8n.node.finished","message":"n8n.node.finished","payload":{"workflowId":"goUXc6XHvN9mcw8o","workflowName":"Recherche d'Offres","executionId":"125","nodeType":"n8n-nodes-base.webhook","nodeName":"Webhook","nodeId":"e386af63-e91a-421e-a3e1-86468adc9c14"}}
{"__type":"$$EventMessageConfirm","confirm":"5ee109ed-1933-40b7-b746-7d77a9a05451","ts":"2025-12-27T00:02:12.711+01:00","source":{"id":"0","name":"eventBus"}}
{"__type":"$$EventMessageNode","id":"8d0cc91c-2083-4b84-8d06-e254bc5e09d1","ts":"2025-12-27T00:02:12.711+01:00","eventName":"n8n.node.started","message":"n8n.node.started","payload":{"workflowId":"goUXc6XHvN9mcw8o","workflowName":"Recherche d'Offres","executionId":"125","nodeType":"n8n-nodes-base.httpRequest","nodeName":"HTTP Request","nodeId":"9b26d7f5-f896-4aa6-9544-71e1c7a1068c"}}
{"__type":"$$EventMessageConfirm","confirm":"8d0cc91c-2083-4b84-8d06-e254bc5e09d1","ts":"2025-12-27T00:02:12.712+01:00","source":{"id":"0","name":"eventBus"}}
{"__type":"$$EventMessageNode","id":"118a11f7-789f-4299-8591-d04100f0c977","ts":"2025-12-27T00:02:17.483+01:00","eventName":"n8n.node.finished","message":"n8n.node.finished","payload":{"workflowId":"goUXc6XHvN9mcw8o","workflowName":"Recherche d'Offres","executionId":"125","nodeType":"n8n-nodes-base.httpRequest","nodeName":"HTTP Request","nodeId":"9b26d7f5-f896-4aa6-9544-71e1c7a1068c"}}
{"__type":"$$EventMessageConfirm","confirm":"118a11f7-789f-4299-8591-d04100f0c977","ts":"2025-12-27T00:02:17.484+01:00","source":{"id":"0","name":"eventBus"}}
{"__type":"$$EventMessageNode","id":"481543ec-59f3-408d-a931-12954d00b5cf","ts":"2025-12-27T00:02:17.484+01:00","eventName":"n8n.node.started","message":"n8n.node.started","payload":{"workflowId":"goUXc6XHvN9mcw8o","workflowName":"Recherche d'Offres","executionId":"125","nodeType":"n8n-nodes-base.code","nodeName":"Code in JavaScript","nodeId":"5ab6551f-4e69-418e-a80c-d324ac10e922"}}
{"__type":"$$EventMessageConfirm","confirm":"481543ec-59f3-408d-a931-12954d00b5cf","ts":"2025-12-27T00:02:17.484+01:00","source":{"id":"0","name":"eventBus"}}
{"__type":"$$EventMessageRunner","id":"d3a4e9dc-6300-4829-a497-1865ac53797b","ts":"2025-12-27T00:02:17.497+01:00","eventName":"n8n.runner.task.requested","message":"n8n.runner.task.requested","payload":{"taskId":"MbjWxL8y","nodeId":"5ab6551f-4e69-418e-a80c-d324ac10e922","workflowId":"goUXc6XHvN9mcw8o","executionId":"125"}}
{"__type":"$$EventMessageConfirm","confirm":"d3a4e9dc-6300-4829-a497-1865ac53797b","ts":"2025-12-27T00:02:17.498+01:00","source":{"id":"0","name":"eventBus"}}
{"__type":"$$EventMessageRunner","id":"7dab1a24-4fee-49f4-936c-64a03d3b2151","ts":"2025-12-27T00:02:17.545+01:00","eventName":"n8n.runner.response.received","message":"n8n.runner.response.received","payload":{"taskId":"MbjWxL8y","nodeId":"5ab6551f-4e69-418e-a80c-d324ac10e922","workflowId":"goUXc6XHvN9mcw8o","executionId":"125"}}
{"__type":"$$EventMessageConfirm","confirm":"7dab1a24-4fee-49f4-936c-64a03d3b2151","ts":"2025-12-27T00:02:17.545+01:00","source":{"id":"0","name":"eventBus"}}
{"__type":"$$EventMessageNode","id":"f4d07f33-4b4c-4144-9a35-36dd7232d32f","ts":"2025-12-27T00:02:17.546+01:00","eventName":"n8n.node.finished","message":"n8n.node.finished","payload":{"workflowId":"goUXc6XHvN9mcw8o","workflowName":"Recherche d'Offres","executionId":"125","nodeType":"n8n-nodes-base.code","nodeName":"Code in JavaScript","nodeId":"5ab6551f-4e69-418e-a80c-d324ac10e922"}}
{"__type":"$$EventMessageConfirm","confirm":"f4d07f33-4b4c-4144-9a35-36dd7232d32f","ts":"2025-12-27T00:02:17.546+01:00","source":{"id":"0","name":"eventBus"}}
{"__type":"$$EventMessageNode","id":"33969124-6258-40b0-8cb1-33a26579e71c","ts":"2025-12-27T00:02:17.547+01:00","eventName":"n8n.node.started","message":"n8n.node.started","payload":{"workflowId":"goUXc6XHvN9mcw8o","workflowName":"Recherche d'Offres","executionId":"125","nodeType":"n8n-nodes-base.respondToWebhook","nodeName":"Respond to Webhook","nodeId":"0ddf0517-ceac-46ad-8183-5c3bf8da476d"}}
{"__type":"$$EventMessageConfirm","confirm":"33969124-6258-40b0-8cb1-33a26579e71c","ts":"2025-12-27T00:02:17.547+01:00","source":{"id":"0","name":"eventBus"}}
{"__type":"$$EventMessageNode","id":"5235a2cf-3d00-4c3c-a332-8ff20e803288","ts":"2025-12-27T00:02:17.551+01:00","eventName":"n8n.node.finished","message":"n8n.node.finished","payload":{"workflowId":"goUXc6XHvN9mcw8o","workflowName":"Recherche d'Offres","executionId":"125","nodeType":"n8n-nodes-base.respondToWebhook","nodeName":"Respond to Webhook","nodeId":"0ddf0517-ceac-46ad-8183-5c3bf8da476d"}}
{"__type":"$$EventMessageConfirm","confirm":"5235a2cf-3d00-4c3c-a332-8ff20e803288","ts":"2025-12-27T00:02:17.551+01:00","source":{"id":"0","name":"eventBus"}}
{"__type":"$$EventMessageWorkflow","id":"efa2c37f-626b-4632-9e79-a5c2df0d1778","ts":"2025-12-27T00:02:17.552+01:00","eventName":"n8n.workflow.success","message":"n8n.workflow.success","payload":{"executionId":"125","success":true,"isManual":false,"workflowId":"goUXc6XHvN9mcw8o","workflowName":"Recherche d'Offres"}}
{"__type":"$$EventMessageConfirm","confirm":"efa2c37f-626b-4632-9e79-a5c2df0d1778","ts":"2025-12-27T00:02:17.552+01:00","source":{"id":"0","name":"eventBus"}}
{"__type":"$$EventMessageWorkflow","id":"f200b4d7-1a2c-4c9e-b9a2-aaa44be680c2","ts":"2025-12-27T00:02:17.884+01:00","eventName":"n8n.workflow.started","message":"n8n.workflow.started","payload":{"executionId":"126","workflowId":"goUXc6XHvN9mcw8o","isManual":false,"workflowName":"Recherche d'Offres"}}
{"__type":"$$EventMessageConfirm","confirm":"f200b4d7-1a2c-4c9e-b9a2-aaa44be680c2","ts":"2025-12-27T00:02:17.891+01:00","source":{"id":"0","name":"eventBus"}}
{"__type":"$$EventMessageNode","id":"1006688b-ebe4-4db7-9d9b-965165e3c764","ts":"2025-12-27T00:02:17.892+01:00","eventName":"n8n.node.started","message":"n8n.node.started","payload":{"workflowId":"goUXc6XHvN9mcw8o","workflowName":"Recherche d'Offres","executionId":"126","nodeType":"n8n-nodes-base.webhook","nodeName":"Webhook","nodeId":"e386af63-e91a-421e-a3e1-86468adc9c14"}}
{"__type":"$$EventMessageConfirm","confirm":"1006688b-ebe4-4db7-9d9b-965165e3c764","ts":"2025-12-27T00:02:17.892+01:00","source":{"id":"0","name":"eventBus"}}
{"__type":"$$EventMessageNode","id":"7d301a69-2021-4a15-b7aa-d040f1573386","ts":"2025-12-27T00:02:17.893+01:00","eventName":"n8n.node.finished","message":"n8n.node.finished","payload":{"workflowId":"goUXc6XHvN9mcw8o","workflowName":"Recherche d'Offres","executionId":"126","nodeType":"n8n-nodes-base.webhook","nodeName":"Webhook","nodeId":"e386af63-e91a-421e-a3e1-86468adc9c14"}}
{"__type":"$$EventMessageConfirm","confirm":"7d301a69-2021-4a15-b7aa-d040f1573386","ts":"2025-12-27T00:02:17.893+01:00","source":{"id":"0","name":"eventBus"}}
{"__type":"$$EventMessageNode","id":"7715340e-b94e-402d-9716-6465306827c7","ts":"2025-12-27T00:02:17.893+01:00","eventName":"n8n.node.started","message":"n8n.node.started","payload":{"workflowId":"goUXc6XHvN9mcw8o","workflowName":"Recherche d'Offres","executionId":"126","nodeType":"n8n-nodes-base.httpRequest","nodeName":"HTTP Request","nodeId":"9b26d7f5-f896-4aa6-9544-71e1c7a1068c"}}
{"__type":"$$EventMessageConfirm","confirm":"7715340e-b94e-402d-9716-6465306827c7","ts":"2025-12-27T00:02:17.894+01:00","source":{"id":"0","name":"eventBus"}}
{"__type":"$$EventMessageNode","id":"a18329de-6eaa-4402-a003-afc65f9b97b6","ts":"2025-12-27T00:02:21.102+01:00","eventName":"n8n.node.finished","message":"n8n.node.finished","payload":{"workflowId":"goUXc6XHvN9mcw8o","workflowName":"Recherche d'Offres","executionId":"126","nodeType":"n8n-nodes-base.httpRequest","nodeName":"HTTP Request","nodeId":"9b26d7f5-f896-4aa6-9544-71e1c7a1068c"}}
{"__type":"$$EventMessageConfirm","confirm":"a18329de-6eaa-4402-a003-afc65f9b97b6","ts":"2025-12-27T00:02:21.103+01:00","source":{"id":"0","name":"eventBus"}}
{"__type":"$$EventMessageNode","id":"774a3c54-382a-454d-8d1a-8b12f380f6c5","ts":"2025-12-27T00:02:21.104+01:00","eventName":"n8n.node.started","message":"n8n.node.started","payload":{"workflowId":"goUXc6XHvN9mcw8o","workflowName":"Recherche d'Offres","executionId":"126","nodeType":"n8n-nodes-base.code","nodeName":"Code in JavaScript","nodeId":"5ab6551f-4e69-418e-a80c-d324ac10e922"}}
{"__type":"$$EventMessageConfirm","confirm":"774a3c54-382a-454d-8d1a-8b12f380f6c5","ts":"2025-12-27T00:02:21.104+01:00","source":{"id":"0","name":"eventBus"}}
{"__type":"$$EventMessageRunner","id":"74547f40-d638-4cf5-9e9d-a29e6ab8d308","ts":"2025-12-27T00:02:21.117+01:00","eventName":"n8n.runner.task.requested","message":"n8n.runner.task.requested","payload":{"taskId":"D32Lh50e","nodeId":"5ab6551f-4e69-418e-a80c-d324ac10e922","workflowId":"goUXc6XHvN9mcw8o","executionId":"126"}}
{"__type":"$$EventMessageConfirm","confirm":"74547f40-d638-4cf5-9e9d-a29e6ab8d308","ts":"2025-12-27T00:02:21.117+01:00","source":{"id":"0","name":"eventBus"}}
{"__type":"$$EventMessageRunner","id":"38e4048f-cc0e-466b-bad4-e4958c7733ec","ts":"2025-12-27T00:02:21.198+01:00","eventName":"n8n.runner.response.received","message":"n8n.runner.response.received","payload":{"taskId":"D32Lh50e","nodeId":"5ab6551f-4e69-418e-a80c-d324ac10e922","workflowId":"goUXc6XHvN9mcw8o","executionId":"126"}}
{"__type":"$$EventMessageConfirm","confirm":"38e4048f-cc0e-466b-bad4-e4958c7733ec","ts":"2025-12-27T00:02:21.198+01:00","source":{"id":"0","name":"eventBus"}}
{"__type":"$$EventMessageNode","id":"c3dd7499-5b77-48bc-8860-78c771affd67","ts":"2025-12-27T00:02:21.199+01:00","eventName":"n8n.node.finished","message":"n8n.node.finished","payload":{"workflowId":"goUXc6XHvN9mcw8o","workflowName":"Recherche d'Offres","executionId":"126","nodeType":"n8n-nodes-base.code","nodeName":"Code in JavaScript","nodeId":"5ab6551f-4e69-418e-a80c-d324ac10e922"}}
{"__type":"$$EventMessageConfirm","confirm":"c3dd7499-5b77-48bc-8860-78c771affd67","ts":"2025-12-27T00:02:21.199+01:00","source":{"id":"0","name":"eventBus"}}
{"__type":"$$EventMessageNode","id":"732d54f7-a6f6-4d36-9bbc-e3fca1e62a2f","ts":"2025-12-27T00:02:21.199+01:00","eventName":"n8n.node.started","message":"n8n.node.started","payload":{"workflowId":"goUXc6XHvN9mcw8o","workflowName":"Recherche d'Offres","executionId":"126","nodeType":"n8n-nodes-base.respondToWebhook","nodeName":"Respond to Webhook","nodeId":"0ddf0517-ceac-46ad-8183-5c3bf8da476d"}}
{"__type":"$$EventMessageConfirm","confirm":"732d54f7-a6f6-4d36-9bbc-e3fca1e62a2f","ts":"2025-12-27T00:02:21.199+01:00","source":{"id":"0","name":"eventBus"}}
{"__type":"$$EventMessageNode","id":"07b68927-0b83-4dcc-84c6-f208cd20731f","ts":"2025-12-27T00:02:21.202+01:00","eventName":"n8n.node.finished","message":"n8n.node.finished","payload":{"workflowId":"goUXc6XHvN9mcw8o","workflowName":"Recherche d'Offres","executionId":"126","nodeType":"n8n-nodes-base.respondToWebhook","nodeName":"Respond to Webhook","nodeId":"0ddf0517-ceac-46ad-8183-5c3bf8da476d"}}
{"__type":"$$EventMessageConfirm","confirm":"07b68927-0b83-4dcc-84c6-f208cd20731f","ts":"2025-12-27T00:02:21.202+01:00","source":{"id":"0","name":"eventBus"}}
{"__type":"$$EventMessageWorkflow","id":"c4ad66d0-99ec-4894-90d1-be3efa805061","ts":"2025-12-27T00:02:21.202+01:00","eventName":"n8n.workflow.success","message":"n8n.workflow.success","payload":{"executionId":"126","success":true,"isManual":false,"workflowId":"goUXc6XHvN9mcw8o","workflowName":"Recherche d'Offres"}}
{"__type":"$$EventMessageConfirm","confirm":"c4ad66d0-99ec-4894-90d1-be3efa805061","ts":"2025-12-27T00:02:21.203+01:00","source":{"id":"0","name":"eventBus"}}
{"__type":"$$EventMessageWorkflow","id":"ac929882-23d0-4f81-bf9d-0c21f712455d","ts":"2025-12-27T00:29:13.053+01:00","eventName":"n8n.workflow.started","message":"n8n.workflow.started","payload":{"executionId":"127","workflowId":"ti1OYFY9BNsSJA2g","isManual":false,"workflowName":"Analyse CV"}}
{"__type":"$$EventMessageConfirm","confirm":"ac929882-23d0-4f81-bf9d-0c21f712455d","ts":"2025-12-27T00:29:13.055+01:00","source":{"id":"0","name":"eventBus"}}
{"__type":"$$EventMessageNode","id":"a877d900-726a-4fde-95a5-82764bfe5228","ts":"2025-12-27T00:29:13.057+01:00","eventName":"n8n.node.started","message":"n8n.node.started","payload":{"workflowId":"ti1OYFY9BNsSJA2g","workflowName":"Analyse CV","executionId":"127","nodeType":"n8n-nodes-base.webhook","nodeName":"Webhook","nodeId":"ad9270ed-6d80-4d37-b5de-f3a197452e0d"}}
{"__type":"$$EventMessageConfirm","confirm":"a877d900-726a-4fde-95a5-82764bfe5228","ts":"2025-12-27T00:29:13.057+01:00","source":{"id":"0","name":"eventBus"}}
{"__type":"$$EventMessageNode","id":"c7cfe7c8-ca58-4a18-9d86-f209ec6b0e1a","ts":"2025-12-27T00:29:13.059+01:00","eventName":"n8n.node.finished","message":"n8n.node.finished","payload":{"workflowId":"ti1OYFY9BNsSJA2g","workflowName":"Analyse CV","executionId":"127","nodeType":"n8n-nodes-base.webhook","nodeName":"Webhook","nodeId":"ad9270ed-6d80-4d37-b5de-f3a197452e0d"}}
{"__type":"$$EventMessageConfirm","confirm":"c7cfe7c8-ca58-4a18-9d86-f209ec6b0e1a","ts":"2025-12-27T00:29:13.059+01:00","source":{"id":"0","name":"eventBus"}}
{"__type":"$$EventMessageNode","id":"583ae136-1ee9-4934-b216-6216fe854ece","ts":"2025-12-27T00:29:13.059+01:00","eventName":"n8n.node.started","message":"n8n.node.started","payload":{"workflowId":"ti1OYFY9BNsSJA2g","workflowName":"Analyse CV","executionId":"127","nodeType":"n8n-nodes-base.httpRequest","nodeName":"HTTP Request","nodeId":"8409aa6c-c695-4949-8a57-9ff69145e234"}}
{"__type":"$$EventMessageConfirm","confirm":"583ae136-1ee9-4934-b216-6216fe854ece","ts":"2025-12-27T00:29:13.060+01:00","source":{"id":"0","name":"eventBus"}}
{"__type":"$$EventMessageNode","id":"f378ec52-e6b2-4cf5-8948-116f7843d778","ts":"2025-12-27T00:29:32.900+01:00","eventName":"n8n.node.finished","message":"n8n.node.finished","payload":{"workflowId":"ti1OYFY9BNsSJA2g","workflowName":"Analyse CV","executionId":"127","nodeType":"n8n-nodes-base.httpRequest","nodeName":"HTTP Request","nodeId":"8409aa6c-c695-4949-8a57-9ff69145e234"}}
{"__type":"$$EventMessageConfirm","confirm":"f378ec52-e6b2-4cf5-8948-116f7843d778","ts":"2025-12-27T00:29:32.902+01:00","source":{"id":"0","name":"eventBus"}}
{"__type":"$$EventMessageNode","id":"e010ebc2-19b7-4d01-a9aa-4511d1226929","ts":"2025-12-27T00:29:32.903+01:00","eventName":"n8n.node.started","message":"n8n.node.started","payload":{"workflowId":"ti1OYFY9BNsSJA2g","workflowName":"Analyse CV","executionId":"127","nodeType":"n8n-nodes-base.respondToWebhook","nodeName":"Respond to Webhook1","nodeId":"325c4c94-80e2-41c4-89a2-afdcf3a4b016"}}
{"__type":"$$EventMessageConfirm","confirm":"e010ebc2-19b7-4d01-a9aa-4511d1226929","ts":"2025-12-27T00:29:32.904+01:00","source":{"id":"0","name":"eventBus"}}
{"__type":"$$EventMessageNode","id":"a5683d19-5115-4d51-869d-c2ff6f7a9ec2","ts":"2025-12-27T00:29:32.936+01:00","eventName":"n8n.node.finished","message":"n8n.node.finished","payload":{"workflowId":"ti1OYFY9BNsSJA2g","workflowName":"Analyse CV","executionId":"127","nodeType":"n8n-nodes-base.respondToWebhook","nodeName":"Respond to Webhook1","nodeId":"325c4c94-80e2-41c4-89a2-afdcf3a4b016"}}
{"__type":"$$EventMessageConfirm","confirm":"a5683d19-5115-4d51-869d-c2ff6f7a9ec2","ts":"2025-12-27T00:29:32.937+01:00","source":{"id":"0","name":"eventBus"}}
{"__type":"$$EventMessageWorkflow","id":"8612f836-0b03-4bd9-a65f-a0cc2d40f51a","ts":"2025-12-27T00:29:32.939+01:00","eventName":"n8n.workflow.success","message":"n8n.workflow.success","payload":{"executionId":"127","success":true,"isManual":false,"workflowId":"ti1OYFY9BNsSJA2g","workflowName":"Analyse CV"}}
{"__type":"$$EventMessageConfirm","confirm":"8612f836-0b03-4bd9-a65f-a0cc2d40f51a","ts":"2025-12-27T00:29:32.940+01:00","source":{"id":"0","name":"eventBus"}}
{"__type":"$$EventMessageWorkflow","id":"a20ecef1-f178-4ca1-8759-3639be4c19a1","ts":"2025-12-27T00:29:59.769+01:00","eventName":"n8n.workflow.started","message":"n8n.workflow.started","payload":{"executionId":"128","workflowId":"XwX94uNj1XZLDydd","isManual":false,"workflowName":"Chatbot"}}
{"__type":"$$EventMessageConfirm","confirm":"a20ecef1-f178-4ca1-8759-3639be4c19a1","ts":"2025-12-27T00:29:59.769+01:00","source":{"id":"0","name":"eventBus"}}
{"__type":"$$EventMessageNode","id":"e691aa0f-f92e-402c-a3bc-dafcc29e6cbc","ts":"2025-12-27T00:29:59.770+01:00","eventName":"n8n.node.started","message":"n8n.node.started","payload":{"workflowId":"XwX94uNj1XZLDydd","workflowName":"Chatbot","executionId":"128","nodeType":"n8n-nodes-base.webhook","nodeName":"Webhook","nodeId":"2097c48f-7a38-404b-a217-25a2c227d953"}}
{"__type":"$$EventMessageConfirm","confirm":"e691aa0f-f92e-402c-a3bc-dafcc29e6cbc","ts":"2025-12-27T00:29:59.770+01:00","source":{"id":"0","name":"eventBus"}}
{"__type":"$$EventMessageNode","id":"c53555f4-a656-46a9-ae5f-c3c020a7b447","ts":"2025-12-27T00:29:59.770+01:00","eventName":"n8n.node.finished","message":"n8n.node.finished","payload":{"workflowId":"XwX94uNj1XZLDydd","workflowName":"Chatbot","executionId":"128","nodeType":"n8n-nodes-base.webhook","nodeName":"Webhook","nodeId":"2097c48f-7a38-404b-a217-25a2c227d953"}}
{"__type":"$$EventMessageConfirm","confirm":"c53555f4-a656-46a9-ae5f-c3c020a7b447","ts":"2025-12-27T00:29:59.771+01:00","source":{"id":"0","name":"eventBus"}}
{"__type":"$$EventMessageNode","id":"07ac7b7c-8b28-4f20-89a4-1cfcd597085e","ts":"2025-12-27T00:29:59.771+01:00","eventName":"n8n.node.started","message":"n8n.node.started","payload":{"workflowId":"XwX94uNj1XZLDydd","workflowName":"Chatbot","executionId":"128","nodeType":"n8n-nodes-base.httpRequest","nodeName":"HTTP Request","nodeId":"4448c6a7-ab1e-46be-9a33-1727b950acca"}}
{"__type":"$$EventMessageConfirm","confirm":"07ac7b7c-8b28-4f20-89a4-1cfcd597085e","ts":"2025-12-27T00:29:59.771+01:00","source":{"id":"0","name":"eventBus"}}
{"__type":"$$EventMessageNode","id":"025a39e8-36a1-4b85-a6c0-47bcdac43df4","ts":"2025-12-27T00:30:18.766+01:00","eventName":"n8n.node.finished","message":"n8n.node.finished","payload":{"workflowId":"XwX94uNj1XZLDydd","workflowName":"Chatbot","executionId":"128","nodeType":"n8n-nodes-base.httpRequest","nodeName":"HTTP Request","nodeId":"4448c6a7-ab1e-46be-9a33-1727b950acca"}}
{"__type":"$$EventMessageConfirm","confirm":"025a39e8-36a1-4b85-a6c0-47bcdac43df4","ts":"2025-12-27T00:30:18.766+01:00","source":{"id":"0","name":"eventBus"}}
{"__type":"$$EventMessageNode","id":"bc12fe61-725a-4824-a82e-d0df7df3b4f5","ts":"2025-12-27T00:30:18.767+01:00","eventName":"n8n.node.started","message":"n8n.node.started","payload":{"workflowId":"XwX94uNj1XZLDydd","workflowName":"Chatbot","executionId":"128","nodeType":"n8n-nodes-base.respondToWebhook","nodeName":"Respond to Webhook","nodeId":"a1d09c34-fc3b-4468-9cf2-17cd8a09e1be"}}
{"__type":"$$EventMessageConfirm","confirm":"bc12fe61-725a-4824-a82e-d0df7df3b4f5","ts":"2025-12-27T00:30:18.767+01:00","source":{"id":"0","name":"eventBus"}}
{"__type":"$$EventMessageNode","id":"6aaf0a2f-5e7b-437e-b481-f89a94ca042a","ts":"2025-12-27T00:30:18.770+01:00","eventName":"n8n.node.finished","message":"n8n.node.finished","payload":{"workflowId":"XwX94uNj1XZLDydd","workflowName":"Chatbot","executionId":"128","nodeType":"n8n-nodes-base.respondToWebhook","nodeName":"Respond to Webhook","nodeId":"a1d09c34-fc3b-4468-9cf2-17cd8a09e1be"}}
{"__type":"$$EventMessageConfirm","confirm":"6aaf0a2f-5e7b-437e-b481-f89a94ca042a","ts":"2025-12-27T00:30:18.770+01:00","source":{"id":"0","name":"eventBus"}}
{"__type":"$$EventMessageWorkflow","id":"d1d3a602-3fe1-4282-86e3-0199fc9368c3","ts":"2025-12-27T00:30:18.771+01:00","eventName":"n8n.workflow.success","message":"n8n.workflow.success","payload":{"executionId":"128","success":true,"isManual":false,"workflowId":"XwX94uNj1XZLDydd","workflowName":"Chatbot"}}
{"__type":"$$EventMessageConfirm","confirm":"d1d3a602-3fe1-4282-86e3-0199fc9368c3","ts":"2025-12-27T00:30:18.771+01:00","source":{"id":"0","name":"eventBus"}}
