{"__type":"$$EventMessageWorkflow","id":"74db661a-8a0b-434d-a401-582673c11f5d","ts":"2025-12-26T09:25:20.110+01:00","eventName":"n8n.workflow.started","message":"n8n.workflow.started","payload":{"executionId":"107","workflowId":"ti1OYFY9BNsSJA2g","isManual":false,"workflowName":"Analyse CV"}}
{"__type":"$$EventMessageConfirm","confirm":"74db661a-8a0b-434d-a401-582673c11f5d","ts":"2025-12-26T09:25:20.115+01:00","source":{"id":"0","name":"eventBus"}}
{"__type":"$$EventMessageNode","id":"dc02bc39-67aa-4771-bfb6-8408147b01fa","ts":"2025-12-26T09:25:20.124+01:00","eventName":"n8n.node.started","message":"n8n.node.started","payload":{"workflowId":"ti1OYFY9BNsSJA2g","workflowName":"Analyse CV","executionId":"107","nodeType":"n8n-nodes-base.webhook","nodeName":"Webhook","nodeId":"ad9270ed-6d80-4d37-b5de-f3a197452e0d"}}
{"__type":"$$EventMessageConfirm","confirm":"dc02bc39-67aa-4771-bfb6-8408147b01fa","ts":"2025-12-26T09:25:20.125+01:00","source":{"id":"0","name":"eventBus"}}
{"__type":"$$EventMessageNode","id":"d0f6fd41-cbc0-4955-9c46-023317029f5c","ts":"2025-12-26T09:25:20.129+01:00","eventName":"n8n.node.finished","message":"n8n.node.finished","payload":{"workflowId":"ti1OYFY9BNsSJA2g","workflowName":"Analyse CV","executionId":"107","nodeType":"n8n-nodes-base.webhook","nodeName":"Webhook","nodeId":"ad9270ed-6d80-4d37-b5de-f3a197452e0d"}}
{"__type":"$$EventMessageConfirm","confirm":"d0f6fd41-cbc0-4955-9c46-023317029f5c","ts":"2025-12-26T09:25:20.129+01:00","source":{"id":"0","name":"eventBus"}}
{"__type":"$$EventMessageNode","id":"c247d681-98d2-4977-a8e6-31beaf0a4c8d","ts":"2025-12-26T09:25:20.131+01:00","eventName":"n8n.node.started","message":"n8n.node.started","payload":{"workflowId":"ti1OYFY9BNsSJA2g","workflowName":"Analyse CV","executionId":"107","nodeType":"n8n-nodes-base.httpRequest","nodeName":"HTTP Request","nodeId":"8409aa6c-c695-4949-8a57-9ff69145e234"}}
{"__type":"$$EventMessageConfirm","confirm":"c247d681-98d2-4977-a8e6-31beaf0a4c8d","ts":"2025-12-26T09:25:20.141+01:00","source":{"id":"0","name":"eventBus"}}
{"__type":"$$EventMessageNode","id":"52b697f1-0461-4347-9a2a-d7a3b2049c3c","ts":"2025-12-26T09:25:48.927+01:00","eventName":"n8n.node.finished","message":"n8n.node.finished","payload":{"workflowId":"ti1OYFY9BNsSJA2g","workflowName":"Analyse CV","executionId":"107","nodeType":"n8n-nodes-base.httpRequest","nodeName":"HTTP Request","nodeId":"8409aa6c-c695-4949-8a57-9ff69145e234"}}
{"__type":"$$EventMessageConfirm","confirm":"52b697f1-0461-4347-9a2a-d7a3b2049c3c","ts":"2025-12-26T09:25:48.928+01:00","source":{"id":"0","name":"eventBus"}}
{"__type":"$$EventMessageNode","id":"06887bd8-3a0b-4dbd-8870-120469973fa5","ts":"2025-12-26T09:25:48.929+01:00","eventName":"n8n.node.started","message":"n8n.node.started","payload":{"workflowId":"ti1OYFY9BNsSJA2g","workflowName":"Analyse CV","executionId":"107","nodeType":"n8n-nodes-base.respondToWebhook","nodeName":"Respond to Webhook1","nodeId":"325c4c94-80e2-41c4-89a2-afdcf3a4b016"}}
{"__type":"$$EventMessageConfirm","confirm":"06887bd8-3a0b-4dbd-8870-120469973fa5","ts":"2025-12-26T09:25:48.929+01:00","source":{"id":"0","name":"eventBus"}}
{"__type":"$$EventMessageNode","id":"bfcfd833-5959-41db-bfc3-2da01a4caac2","ts":"2025-12-26T09:25:48.994+01:00","eventName":"n8n.node.finished","message":"n8n.node.finished","payload":{"workflowId":"ti1OYFY9BNsSJA2g","workflowName":"Analyse CV","executionId":"107","nodeType":"n8n-nodes-base.respondToWebhook","nodeName":"Respond to Webhook1","nodeId":"325c4c94-80e2-41c4-89a2-afdcf3a4b016"}}
{"__type":"$$EventMessageConfirm","confirm":"bfcfd833-5959-41db-bfc3-2da01a4caac2","ts":"2025-12-26T09:25:48.995+01:00","source":{"id":"0","name":"eventBus"}}
{"__type":"$$EventMessageWorkflow","id":"f510879e-da84-4570-8674-bf32e0f0b74f","ts":"2025-12-26T09:25:49.010+01:00","eventName":"n8n.workflow.success","message":"n8n.workflow.success","payload":{"executionId":"107","success":true,"isManual":false,"workflowId":"ti1OYFY9BNsSJA2g","workflowName":"Analyse CV"}}
{"__type":"$$EventMessageConfirm","confirm":"f510879e-da84-4570-8674-bf32e0f0b74f","ts":"2025-12-26T09:25:49.010+01:00","source":{"id":"0","name":"eventBus"}}
{"__type":"$$EventMessageWorkflow","id":"0f0ef442-cae9-431b-94a3-d091e630a3dc","ts":"2025-12-26T09:38:03.888+01:00","eventName":"n8n.workflow.started","message":"n8n.workflow.started","payload":{"executionId":"108","workflowId":"ti1OYFY9BNsSJA2g","isManual":false,"workflowName":"Analyse CV"}}
{"__type":"$$EventMessageConfirm","confirm":"0f0ef442-cae9-431b-94a3-d091e630a3dc","ts":"2025-12-26T09:38:03.913+01:00","source":{"id":"0","name":"eventBus"}}
{"__type":"$$EventMessageNode","id":"b191a461-109f-4af5-b9ee-c169f7b25f53","ts":"2025-12-26T09:38:03.916+01:00","eventName":"n8n.node.started","message":"n8n.node.started","payload":{"workflowId":"ti1OYFY9BNsSJA2g","workflowName":"Analyse CV","executionId":"108","nodeType":"n8n-nodes-base.webhook","nodeName":"Webhook","nodeId":"ad9270ed-6d80-4d37-b5de-f3a197452e0d"}}
{"__type":"$$EventMessageConfirm","confirm":"b191a461-109f-4af5-b9ee-c169f7b25f53","ts":"2025-12-26T09:38:03.916+01:00","source":{"id":"0","name":"eventBus"}}
{"__type":"$$EventMessageNode","id":"930606b1-0382-4f5d-b94e-4470733c696f","ts":"2025-12-26T09:38:04.001+01:00","eventName":"n8n.node.finished","message":"n8n.node.finished","payload":{"workflowId":"ti1OYFY9BNsSJA2g","workflowName":"Analyse CV","executionId":"108","nodeType":"n8n-nodes-base.webhook","nodeName":"Webhook","nodeId":"ad9270ed-6d80-4d37-b5de-f3a197452e0d"}}
{"__type":"$$EventMessageConfirm","confirm":"930606b1-0382-4f5d-b94e-4470733c696f","ts":"2025-12-26T09:38:04.002+01:00","source":{"id":"0","name":"eventBus"}}
{"__type":"$$EventMessageNode","id":"1d573f5d-8f8f-4ba1-99ac-d4e78dc1019a","ts":"2025-12-26T09:38:04.002+01:00","eventName":"n8n.node.started","message":"n8n.node.started","payload":{"workflowId":"ti1OYFY9BNsSJA2g","workflowName":"Analyse CV","executionId":"108","nodeType":"n8n-nodes-base.httpRequest","nodeName":"HTTP Request","nodeId":"8409aa6c-c695-4949-8a57-9ff69145e234"}}
{"__type":"$$EventMessageConfirm","confirm":"1d573f5d-8f8f-4ba1-99ac-d4e78dc1019a","ts":"2025-12-26T09:38:04.002+01:00","source":{"id":"0","name":"eventBus"}}
{"__type":"$$EventMessageNode","id":"7408e753-b352-4d0d-8c6b-34ffd78944be","ts":"2025-12-26T09:38:29.333+01:00","eventName":"n8n.node.finished","message":"n8n.node.finished","payload":{"workflowId":"ti1OYFY9BNsSJA2g","workflowName":"Analyse CV","executionId":"108","nodeType":"n8n-nodes-base.httpRequest","nodeName":"HTTP Request","nodeId":"8409aa6c-c695-4949-8a57-9ff69145e234"}}
{"__type":"$$EventMessageConfirm","confirm":"7408e753-b352-4d0d-8c6b-34ffd78944be","ts":"2025-12-26T09:38:29.333+01:00","source":{"id":"0","name":"eventBus"}}
{"__type":"$$EventMessageNode","id":"e8d80875-d9df-49a3-a584-9bebffaaaf87","ts":"2025-12-26T09:38:29.334+01:00","eventName":"n8n.node.started","message":"n8n.node.started","payload":{"workflowId":"ti1OYFY9BNsSJA2g","workflowName":"Analyse CV","executionId":"108","nodeType":"n8n-nodes-base.respondToWebhook","nodeName":"Respond to Webhook1","nodeId":"325c4c94-80e2-41c4-89a2-afdcf3a4b016"}}
{"__type":"$$EventMessageConfirm","confirm":"e8d80875-d9df-49a3-a584-9bebffaaaf87","ts":"2025-12-26T09:38:29.334+01:00","source":{"id":"0","name":"eventBus"}}
{"__type":"$$EventMessageNode","id":"077e54fa-0a48-412e-8145-a4b5c6b55b9a","ts":"2025-12-26T09:38:29.347+01:00","eventName":"n8n.node.finished","message":"n8n.node.finished","payload":{"workflowId":"ti1OYFY9BNsSJA2g","workflowName":"Analyse CV","executionId":"108","nodeType":"n8n-nodes-base.respondToWebhook","nodeName":"Respond to Webhook1","nodeId":"325c4c94-80e2-41c4-89a2-afdcf3a4b016"}}
{"__type":"$$EventMessageConfirm","confirm":"077e54fa-0a48-412e-8145-a4b5c6b55b9a","ts":"2025-12-26T09:38:29.348+01:00","source":{"id":"0","name":"eventBus"}}
{"__type":"$$EventMessageWorkflow","id":"d79e6b21-b989-4526-a8b1-467e469e2048","ts":"2025-12-26T09:38:29.350+01:00","eventName":"n8n.workflow.success","message":"n8n.workflow.success","payload":{"executionId":"108","success":true,"isManual":false,"workflowId":"ti1OYFY9BNsSJA2g","workflowName":"Analyse CV"}}
{"__type":"$$EventMessageConfirm","confirm":"d79e6b21-b989-4526-a8b1-467e469e2048","ts":"2025-12-26T09:38:29.350+01:00","source":{"id":"0","name":"eventBus"}}
{"__type":"$$EventMessageWorkflow","id":"2e9030ec-c1d4-4587-ba7d-5dd84542ca48","ts":"2025-12-26T09:41:36.612+01:00","eventName":"n8n.workflow.started","message":"n8n.workflow.started","payload":{"executionId":"109","workflowId":"XwX94uNj1XZLDydd","isManual":false,"workflowName":"Chatbot"}}
{"__type":"$$EventMessageConfirm","confirm":"2e9030ec-c1d4-4587-ba7d-5dd84542ca48","ts":"2025-12-26T09:41:36.613+01:00","source":{"id":"0","name":"eventBus"}}
{"__type":"$$EventMessageNode","id":"6cdd8b54-b8c4-415a-a095-cd90de00ae22","ts":"2025-12-26T09:41:36.626+01:00","eventName":"n8n.node.started","message":"n8n.node.started","payload":{"workflowId":"XwX94uNj1XZLDydd","workflowName":"Chatbot","executionId":"109","nodeType":"n8n-nodes-base.webhook","nodeName":"Webhook","nodeId":"2097c48f-7a38-404b-a217-25a2c227d953"}}
{"__type":"$$EventMessageConfirm","confirm":"6cdd8b54-b8c4-415a-a095-cd90de00ae22","ts":"2025-12-26T09:41:36.626+01:00","source":{"id":"0","name":"eventBus"}}
{"__type":"$$EventMessageNode","id":"df83d163-f382-424a-b134-ad5f26800bd9","ts":"2025-12-26T09:41:36.627+01:00","eventName":"n8n.node.finished","message":"n8n.node.finished","payload":{"workflowId":"XwX94uNj1XZLDydd","workflowName":"Chatbot","executionId":"109","nodeType":"n8n-nodes-base.webhook","nodeName":"Webhook","nodeId":"2097c48f-7a38-404b-a217-25a2c227d953"}}
{"__type":"$$EventMessageConfirm","confirm":"df83d163-f382-424a-b134-ad5f26800bd9","ts":"2025-12-26T09:41:36.628+01:00","source":{"id":"0","name":"eventBus"}}
{"__type":"$$EventMessageNode","id":"592424c0-e962-41ba-b40a-a5974d61b7ae","ts":"2025-12-26T09:41:36.628+01:00","eventName":"n8n.node.started","message":"n8n.node.started","payload":{"workflowId":"XwX94uNj1XZLDydd","workflowName":"Chatbot","executionId":"109","nodeType":"n8n-nodes-base.httpRequest","nodeName":"HTTP Request","nodeId":"4448c6a7-ab1e-46be-9a33-1727b950acca"}}
{"__type":"$$EventMessageConfirm","confirm":"592424c0-e962-41ba-b40a-a5974d61b7ae","ts":"2025-12-26T09:41:36.629+01:00","source":{"id":"0","name":"eventBus"}}
{"__type":"$$EventMessageNode","id":"728e39ef-36aa-455f-9edb-760f2a98e99d","ts":"2025-12-26T09:41:48.548+01:00","eventName":"n8n.node.finished","message":"n8n.node.finished","payload":{"workflowId":"XwX94uNj1XZLDydd","workflowName":"Chatbot","executionId":"109","nodeType":"n8n-nodes-base.httpRequest","nodeName":"HTTP Request","nodeId":"4448c6a7-ab1e-46be-9a33-1727b950acca"}}
{"__type":"$$EventMessageConfirm","confirm":"728e39ef-36aa-455f-9edb-760f2a98e99d","ts":"2025-12-26T09:41:48.548+01:00","source":{"id":"0","name":"eventBus"}}
{"__type":"$$EventMessageNode","id":"741979e7-1f49-4796-9680-7584ff72c040","ts":"2025-12-26T09:41:48.549+01:00","eventName":"n8n.node.started","message":"n8n.node.started","payload":{"workflowId":"XwX94uNj1XZLDydd","workflowName":"Chatbot","executionId":"109","nodeType":"n8n-nodes-base.respondToWebhook","nodeName":"Respond to Webhook","nodeId":"a1d09c34-fc3b-4468-9cf2-17cd8a09e1be"}}
{"__type":"$$EventMessageConfirm","confirm":"741979e7-1f49-4796-9680-7584ff72c040","ts":"2025-12-26T09:41:48.549+01:00","source":{"id":"0","name":"eventBus"}}
{"__type":"$$EventMessageNode","id":"7db16561-a4ed-431b-9acf-d6b0856b100d","ts":"2025-12-26T09:41:48.650+01:00","eventName":"n8n.node.finished","message":"n8n.node.finished","payload":{"workflowId":"XwX94uNj1XZLDydd","workflowName":"Chatbot","executionId":"109","nodeType":"n8n-nodes-base.respondToWebhook","nodeName":"Respond to Webhook","nodeId":"a1d09c34-fc3b-4468-9cf2-17cd8a09e1be"}}
{"__type":"$$EventMessageConfirm","confirm":"7db16561-a4ed-431b-9acf-d6b0856b100d","ts":"2025-12-26T09:41:48.650+01:00","source":{"id":"0","name":"eventBus"}}
{"__type":"$$EventMessageWorkflow","id":"bcf0da93-0394-423f-9c3e-0dcf7d0dd2da","ts":"2025-12-26T09:41:48.651+01:00","eventName":"n8n.workflow.success","message":"n8n.workflow.success","payload":{"executionId":"109","success":true,"isManual":false,"workflowId":"XwX94uNj1XZLDydd","workflowName":"Chatbot"}}
{"__type":"$$EventMessageConfirm","confirm":"bcf0da93-0394-423f-9c3e-0dcf7d0dd2da","ts":"2025-12-26T09:41:48.652+01:00","source":{"id":"0","name":"eventBus"}}
{"__type":"$$EventMessageWorkflow","id":"f622ae1f-3cb1-4a39-96cb-3222154f6a94","ts":"2025-12-26T09:43:09.706+01:00","eventName":"n8n.workflow.started","message":"n8n.workflow.started","payload":{"executionId":"110","workflowId":"XwX94uNj1XZLDydd","isManual":false,"workflowName":"Chatbot"}}
{"__type":"$$EventMessageConfirm","confirm":"f622ae1f-3cb1-4a39-96cb-3222154f6a94","ts":"2025-12-26T09:43:09.706+01:00","source":{"id":"0","name":"eventBus"}}
{"__type":"$$EventMessageNode","id":"5e6789d3-8ed1-488f-9a87-70fb98deb311","ts":"2025-12-26T09:43:09.707+01:00","eventName":"n8n.node.started","message":"n8n.node.started","payload":{"workflowId":"XwX94uNj1XZLDydd","workflowName":"Chatbot","executionId":"110","nodeType":"n8n-nodes-base.webhook","nodeName":"Webhook","nodeId":"2097c48f-7a38-404b-a217-25a2c227d953"}}
{"__type":"$$EventMessageConfirm","confirm":"5e6789d3-8ed1-488f-9a87-70fb98deb311","ts":"2025-12-26T09:43:09.707+01:00","source":{"id":"0","name":"eventBus"}}
{"__type":"$$EventMessageNode","id":"b3eb6499-fc31-44ed-8dbc-5a52b2a61c33","ts":"2025-12-26T09:43:09.708+01:00","eventName":"n8n.node.finished","message":"n8n.node.finished","payload":{"workflowId":"XwX94uNj1XZLDydd","workflowName":"Chatbot","executionId":"110","nodeType":"n8n-nodes-base.webhook","nodeName":"Webhook","nodeId":"2097c48f-7a38-404b-a217-25a2c227d953"}}
{"__type":"$$EventMessageConfirm","confirm":"b3eb6499-fc31-44ed-8dbc-5a52b2a61c33","ts":"2025-12-26T09:43:09.709+01:00","source":{"id":"0","name":"eventBus"}}
{"__type":"$$EventMessageNode","id":"deb1fe1c-b1f9-418a-88e4-6ee93be84ad7","ts":"2025-12-26T09:43:09.709+01:00","eventName":"n8n.node.started","message":"n8n.node.started","payload":{"workflowId":"XwX94uNj1XZLDydd","workflowName":"Chatbot","executionId":"110","nodeType":"n8n-nodes-base.httpRequest","nodeName":"HTTP Request","nodeId":"4448c6a7-ab1e-46be-9a33-1727b950acca"}}
{"__type":"$$EventMessageConfirm","confirm":"deb1fe1c-b1f9-418a-88e4-6ee93be84ad7","ts":"2025-12-26T09:43:09.709+01:00","source":{"id":"0","name":"eventBus"}}
{"__type":"$$EventMessageNode","id":"3dc6858c-9740-46da-846f-08442957e62d","ts":"2025-12-26T09:43:24.236+01:00","eventName":"n8n.node.finished","message":"n8n.node.finished","payload":{"workflowId":"XwX94uNj1XZLDydd","workflowName":"Chatbot","executionId":"110","nodeType":"n8n-nodes-base.httpRequest","nodeName":"HTTP Request","nodeId":"4448c6a7-ab1e-46be-9a33-1727b950acca"}}
{"__type":"$$EventMessageConfirm","confirm":"3dc6858c-9740-46da-846f-08442957e62d","ts":"2025-12-26T09:43:24.238+01:00","source":{"id":"0","name":"eventBus"}}
{"__type":"$$EventMessageNode","id":"edd1884b-4531-4930-91d0-8157efd6465e","ts":"2025-12-26T09:43:24.239+01:00","eventName":"n8n.node.started","message":"n8n.node.started","payload":{"workflowId":"XwX94uNj1XZLDydd","workflowName":"Chatbot","executionId":"110","nodeType":"n8n-nodes-base.respondToWebhook","nodeName":"Respond to Webhook","nodeId":"a1d09c34-fc3b-4468-9cf2-17cd8a09e1be"}}
{"__type":"$$EventMessageConfirm","confirm":"edd1884b-4531-4930-91d0-8157efd6465e","ts":"2025-12-26T09:43:24.240+01:00","source":{"id":"0","name":"eventBus"}}
{"__type":"$$EventMessageNode","id":"a28f6676-0633-444e-aa1e-5f47b127bb14","ts":"2025-12-26T09:43:24.256+01:00","eventName":"n8n.node.finished","message":"n8n.node.finished","payload":{"workflowId":"XwX94uNj1XZLDydd","workflowName":"Chatbot","executionId":"110","nodeType":"n8n-nodes-base.respondToWebhook","nodeName":"Respond to Webhook","nodeId":"a1d09c34-fc3b-4468-9cf2-17cd8a09e1be"}}
{"__type":"$$EventMessageConfirm","confirm":"a28f6676-0633-444e-aa1e-5f47b127bb14","ts":"2025-12-26T09:43:24.257+01:00","source":{"id":"0","name":"eventBus"}}
{"__type":"$$EventMessageWorkflow","id":"a9ea6a65-0aba-41d1-ab82-26edf8374762","ts":"2025-12-26T09:43:24.258+01:00","eventName":"n8n.workflow.success","message":"n8n.workflow.success","payload":{"executionId":"110","success":true,"isManual":false,"workflowId":"XwX94uNj1XZLDydd","workflowName":"Chatbot"}}
{"__type":"$$EventMessageConfirm","confirm":"a9ea6a65-0aba-41d1-ab82-26edf8374762","ts":"2025-12-26T09:43:24.258+01:00","source":{"id":"0","name":"eventBus"}}
{"__type":"$$EventMessageWorkflow","id":"bce64f13-d63c-47bd-9629-986e76544bb2","ts":"2025-12-26T09:44:29.570+01:00","eventName":"n8n.workflow.started","message":"n8n.workflow.started","payload":{"executionId":"111","workflowId":"goUXc6XHvN9mcw8o","isManual":false,"workflowName":"Recherche d'Offres"}}
{"__type":"$$EventMessageConfirm","confirm":"bce64f13-d63c-47bd-9629-986e76544bb2","ts":"2025-12-26T09:44:29.571+01:00","source":{"id":"0","name":"eventBus"}}
{"__type":"$$EventMessageNode","id":"e46e4a04-6bff-4b5e-806f-eef373538689","ts":"2025-12-26T09:44:29.572+01:00","eventName":"n8n.node.started","message":"n8n.node.started","payload":{"workflowId":"goUXc6XHvN9mcw8o","workflowName":"Recherche d'Offres","executionId":"111","nodeType":"n8n-nodes-base.webhook","nodeName":"Webhook","nodeId":"e386af63-e91a-421e-a3e1-86468adc9c14"}}
{"__type":"$$EventMessageConfirm","confirm":"e46e4a04-6bff-4b5e-806f-eef373538689","ts":"2025-12-26T09:44:29.572+01:00","source":{"id":"0","name":"eventBus"}}
{"__type":"$$EventMessageNode","id":"eb5dae06-5ba3-4124-b57d-b10de8898e2a","ts":"2025-12-26T09:44:29.581+01:00","eventName":"n8n.node.finished","message":"n8n.node.finished","payload":{"workflowId":"goUXc6XHvN9mcw8o","workflowName":"Recherche d'Offres","executionId":"111","nodeType":"n8n-nodes-base.webhook","nodeName":"Webhook","nodeId":"e386af63-e91a-421e-a3e1-86468adc9c14"}}
{"__type":"$$EventMessageConfirm","confirm":"eb5dae06-5ba3-4124-b57d-b10de8898e2a","ts":"2025-12-26T09:44:29.582+01:00","source":{"id":"0","name":"eventBus"}}
{"__type":"$$EventMessageNode","id":"44d89355-a7da-419a-b791-a9afa242ee1d","ts":"2025-12-26T09:44:29.583+01:00","eventName":"n8n.node.started","message":"n8n.node.started","payload":{"workflowId":"goUXc6XHvN9mcw8o","workflowName":"Recherche d'Offres","executionId":"111","nodeType":"n8n-nodes-base.httpRequest","nodeName":"HTTP Request","nodeId":"9b26d7f5-f896-4aa6-9544-71e1c7a1068c"}}
{"__type":"$$EventMessageConfirm","confirm":"44d89355-a7da-419a-b791-a9afa242ee1d","ts":"2025-12-26T09:44:29.583+01:00","source":{"id":"0","name":"eventBus"}}
{"__type":"$$EventMessageNode","id":"272dcdc0-5cdf-4e33-81e0-55256be2b202","ts":"2025-12-26T09:44:32.767+01:00","eventName":"n8n.node.finished","message":"n8n.node.finished","payload":{"workflowId":"goUXc6XHvN9mcw8o","workflowName":"Recherche d'Offres","executionId":"111","nodeType":"n8n-nodes-base.httpRequest","nodeName":"HTTP Request","nodeId":"9b26d7f5-f896-4aa6-9544-71e1c7a1068c"}}
{"__type":"$$EventMessageConfirm","confirm":"272dcdc0-5cdf-4e33-81e0-55256be2b202","ts":"2025-12-26T09:44:32.768+01:00","source":{"id":"0","name":"eventBus"}}
{"__type":"$$EventMessageNode","id":"5ea39f87-0c0a-430b-a2f4-f9a7975eb6c8","ts":"2025-12-26T09:44:32.769+01:00","eventName":"n8n.node.started","message":"n8n.node.started","payload":{"workflowId":"goUXc6XHvN9mcw8o","workflowName":"Recherche d'Offres","executionId":"111","nodeType":"n8n-nodes-base.code","nodeName":"Code in JavaScript","nodeId":"5ab6551f-4e69-418e-a80c-d324ac10e922"}}
{"__type":"$$EventMessageConfirm","confirm":"5ea39f87-0c0a-430b-a2f4-f9a7975eb6c8","ts":"2025-12-26T09:44:32.769+01:00","source":{"id":"0","name":"eventBus"}}
{"__type":"$$EventMessageRunner","id":"6d8979bd-d7c7-4ec5-ab5c-089f466ecdcd","ts":"2025-12-26T09:44:32.905+01:00","eventName":"n8n.runner.task.requested","message":"n8n.runner.task.requested","payload":{"taskId":"uwzKJwhE","nodeId":"5ab6551f-4e69-418e-a80c-d324ac10e922","workflowId":"goUXc6XHvN9mcw8o","executionId":"111"}}
{"__type":"$$EventMessageConfirm","confirm":"6d8979bd-d7c7-4ec5-ab5c-089f466ecdcd","ts":"2025-12-26T09:44:32.905+01:00","source":{"id":"0","name":"eventBus"}}
{"__type":"$$EventMessageRunner","id":"480c952f-445c-48b2-a25c-e8f788735f4d","ts":"2025-12-26T09:44:34.194+01:00","eventName":"n8n.runner.response.received","message":"n8n.runner.response.received","payload":{"taskId":"uwzKJwhE","nodeId":"5ab6551f-4e69-418e-a80c-d324ac10e922","workflowId":"goUXc6XHvN9mcw8o","executionId":"111"}}
{"__type":"$$EventMessageConfirm","confirm":"480c952f-445c-48b2-a25c-e8f788735f4d","ts":"2025-12-26T09:44:34.194+01:00","source":{"id":"0","name":"eventBus"}}
{"__type":"$$EventMessageNode","id":"c2760d7d-e8a4-4a77-8d63-d6df0fd96861","ts":"2025-12-26T09:44:34.198+01:00","eventName":"n8n.node.finished","message":"n8n.node.finished","payload":{"workflowId":"goUXc6XHvN9mcw8o","workflowName":"Recherche d'Offres","executionId":"111","nodeType":"n8n-nodes-base.code","nodeName":"Code in JavaScript","nodeId":"5ab6551f-4e69-418e-a80c-d324ac10e922"}}
{"__type":"$$EventMessageConfirm","confirm":"c2760d7d-e8a4-4a77-8d63-d6df0fd96861","ts":"2025-12-26T09:44:34.205+01:00","source":{"id":"0","name":"eventBus"}}
{"__type":"$$EventMessageNode","id":"5dd971ec-105e-4dcf-b71f-e80fc9c6373d","ts":"2025-12-26T09:44:34.210+01:00","eventName":"n8n.node.started","message":"n8n.node.started","payload":{"workflowId":"goUXc6XHvN9mcw8o","workflowName":"Recherche d'Offres","executionId":"111","nodeType":"n8n-nodes-base.respondToWebhook","nodeName":"Respond to Webhook","nodeId":"0ddf0517-ceac-46ad-8183-5c3bf8da476d"}}
{"__type":"$$EventMessageConfirm","confirm":"5dd971ec-105e-4dcf-b71f-e80fc9c6373d","ts":"2025-12-26T09:44:34.211+01:00","source":{"id":"0","name":"eventBus"}}
{"__type":"$$EventMessageNode","id":"e762bc51-73e4-46b7-ad5b-701a3069edb1","ts":"2025-12-26T09:44:34.267+01:00","eventName":"n8n.node.finished","message":"n8n.node.finished","payload":{"workflowId":"goUXc6XHvN9mcw8o","workflowName":"Recherche d'Offres","executionId":"111","nodeType":"n8n-nodes-base.respondToWebhook","nodeName":"Respond to Webhook","nodeId":"0ddf0517-ceac-46ad-8183-5c3bf8da476d"}}
{"__type":"$$EventMessageConfirm","confirm":"e762bc51-73e4-46b7-ad5b-701a3069edb1","ts":"2025-12-26T09:44:34.267+01:00","source":{"id":"0","name":"eventBus"}}
{"__type":"$$EventMessageWorkflow","id":"ca421f60-7acf-42d0-9598-bdfa4a5a8d3c","ts":"2025-12-26T09:44:34.279+01:00","eventName":"n8n.workflow.success","message":"n8n.workflow.success","payload":{"executionId":"111","success":true,"isManual":false,"workflowId":"goUXc6XHvN9mcw8o","workflowName":"Recherche d'Offres"}}
{"__type":"$$EventMessageConfirm","confirm":"ca421f60-7acf-42d0-9598-bdfa4a5a8d3c","ts":"2025-12-26T09:44:34.279+01:00","source":{"id":"0","name":"eventBus"}}
{"__type":"$$EventMessageWorkflow","id":"caf3bee2-69c2-46a4-acf2-e36ed00f9a87","ts":"2025-12-26T09:44:34.889+01:00","eventName":"n8n.workflow.started","message":"n8n.workflow.started","payload":{"executionId":"112","workflowId":"goUXc6XHvN9mcw8o","isManual":false,"workflowName":"Recherche d'Offres"}}
{"__type":"$$EventMessageConfirm","confirm":"caf3bee2-69c2-46a4-acf2-e36ed00f9a87","ts":"2025-12-26T09:44:34.890+01:00","source":{"id":"0","name":"eventBus"}}
{"__type":"$$EventMessageNode","id":"22ae5582-93e7-41f1-9482-bd463fafc516","ts":"2025-12-26T09:44:34.902+01:00","eventName":"n8n.node.started","message":"n8n.node.started","payload":{"workflowId":"goUXc6XHvN9mcw8o","workflowName":"Recherche d'Offres","executionId":"112","nodeType":"n8n-nodes-base.webhook","nodeName":"Webhook","nodeId":"e386af63-e91a-421e-a3e1-86468adc9c14"}}
{"__type":"$$EventMessageConfirm","confirm":"22ae5582-93e7-41f1-9482-bd463fafc516","ts":"2025-12-26T09:44:34.902+01:00","source":{"id":"0","name":"eventBus"}}
{"__type":"$$EventMessageNode","id":"cb554381-13c0-4a6b-abeb-a067778bcfb3","ts":"2025-12-26T09:44:34.903+01:00","eventName":"n8n.node.finished","message":"n8n.node.finished","payload":{"workflowId":"goUXc6XHvN9mcw8o","workflowName":"Recherche d'Offres","executionId":"112","nodeType":"n8n-nodes-base.webhook","nodeName":"Webhook","nodeId":"e386af63-e91a-421e-a3e1-86468adc9c14"}}
{"__type":"$$EventMessageConfirm","confirm":"cb554381-13c0-4a6b-abeb-a067778bcfb3","ts":"2025-12-26T09:44:34.903+01:00","source":{"id":"0","name":"eventBus"}}
{"__type":"$$EventMessageNode","id":"f65fef61-9b35-45c9-b7de-3e605fbfd965","ts":"2025-12-26T09:44:34.904+01:00","eventName":"n8n.node.started","message":"n8n.node.started","payload":{"workflowId":"goUXc6XHvN9mcw8o","workflowName":"Recherche d'Offres","executionId":"112","nodeType":"n8n-nodes-base.httpRequest","nodeName":"HTTP Request","nodeId":"9b26d7f5-f896-4aa6-9544-71e1c7a1068c"}}
{"__type":"$$EventMessageConfirm","confirm":"f65fef61-9b35-45c9-b7de-3e605fbfd965","ts":"2025-12-26T09:44:34.904+01:00","source":{"id":"0","name":"eventBus"}}
{"__type":"$$EventMessageNode","id":"108f6b4c-539f-4024-b074-8df94f119031","ts":"2025-12-26T09:44:37.221+01:00","eventName":"n8n.node.finished","message":"n8n.node.finished","payload":{"workflowId":"goUXc6XHvN9mcw8o","workflowName":"Recherche d'Offres","executionId":"112","nodeType":"n8n-nodes-base.httpRequest","nodeName":"HTTP Request","nodeId":"9b26d7f5-f896-4aa6-9544-71e1c7a1068c"}}
{"__type":"$$EventMessageConfirm","confirm":"108f6b4c-539f-4024-b074-8df94f119031","ts":"2025-12-26T09:44:37.221+01:00","source":{"id":"0","name":"eventBus"}}
{"__type":"$$EventMessageNode","id":"f8a1c459-527d-4e83-a9e5-327559ae7147","ts":"2025-12-26T09:44:37.222+01:00","eventName":"n8n.node.started","message":"n8n.node.started","payload":{"workflowId":"goUXc6XHvN9mcw8o","workflowName":"Recherche d'Offres","executionId":"112","nodeType":"n8n-nodes-base.code","nodeName":"Code in JavaScript","nodeId":"5ab6551f-4e69-418e-a80c-d324ac10e922"}}
{"__type":"$$EventMessageConfirm","confirm":"f8a1c459-527d-4e83-a9e5-327559ae7147","ts":"2025-12-26T09:44:37.222+01:00","source":{"id":"0","name":"eventBus"}}
{"__type":"$$EventMessageRunner","id":"d7674b6a-2b7f-4aa1-a4b0-fd0ad9cda248","ts":"2025-12-26T09:44:37.238+01:00","eventName":"n8n.runner.task.requested","message":"n8n.runner.task.requested","payload":{"taskId":"ttf-bh9T","nodeId":"5ab6551f-4e69-418e-a80c-d324ac10e922","workflowId":"goUXc6XHvN9mcw8o","executionId":"112"}}
{"__type":"$$EventMessageConfirm","confirm":"d7674b6a-2b7f-4aa1-a4b0-fd0ad9cda248","ts":"2025-12-26T09:44:37.238+01:00","source":{"id":"0","name":"eventBus"}}
{"__type":"$$EventMessageRunner","id":"24df36b5-e410-4575-9c0d-25249730c8ae","ts":"2025-12-26T09:44:37.423+01:00","eventName":"n8n.runner.response.received","message":"n8n.runner.response.received","payload":{"taskId":"ttf-bh9T","nodeId":"5ab6551f-4e69-418e-a80c-d324ac10e922","workflowId":"goUXc6XHvN9mcw8o","executionId":"112"}}
{"__type":"$$EventMessageConfirm","confirm":"24df36b5-e410-4575-9c0d-25249730c8ae","ts":"2025-12-26T09:44:37.424+01:00","source":{"id":"0","name":"eventBus"}}
{"__type":"$$EventMessageNode","id":"2b4c1232-4f12-4149-8abf-e14733a8e24a","ts":"2025-12-26T09:44:37.424+01:00","eventName":"n8n.node.finished","message":"n8n.node.finished","payload":{"workflowId":"goUXc6XHvN9mcw8o","workflowName":"Recherche d'Offres","executionId":"112","nodeType":"n8n-nodes-base.code","nodeName":"Code in JavaScript","nodeId":"5ab6551f-4e69-418e-a80c-d324ac10e922"}}
{"__type":"$$EventMessageConfirm","confirm":"2b4c1232-4f12-4149-8abf-e14733a8e24a","ts":"2025-12-26T09:44:37.425+01:00","source":{"id":"0","name":"eventBus"}}
{"__type":"$$EventMessageNode","id":"6255a363-d994-49b2-a5a6-a213d38a7f85","ts":"2025-12-26T09:44:37.425+01:00","eventName":"n8n.node.started","message":"n8n.node.started","payload":{"workflowId":"goUXc6XHvN9mcw8o","workflowName":"Recherche d'Offres","executionId":"112","nodeType":"n8n-nodes-base.respondToWebhook","nodeName":"Respond to Webhook","nodeId":"0ddf0517-ceac-46ad-8183-5c3bf8da476d"}}
{"__type":"$$EventMessageConfirm","confirm":"6255a363-d994-49b2-a5a6-a213d38a7f85","ts":"2025-12-26T09:44:37.425+01:00","source":{"id":"0","name":"eventBus"}}
{"__type":"$$EventMessageNode","id":"3f62ea9b-2397-4442-91a7-ddf0db57b5e0","ts":"2025-12-26T09:44:37.446+01:00","eventName":"n8n.node.finished","message":"n8n.node.finished","payload":{"workflowId":"goUXc6XHvN9mcw8o","workflowName":"Recherche d'Offres","executionId":"112","nodeType":"n8n-nodes-base.respondToWebhook","nodeName":"Respond to Webhook","nodeId":"0ddf0517-ceac-46ad-8183-5c3bf8da476d"}}
{"__type":"$$EventMessageConfirm","confirm":"3f62ea9b-2397-4442-91a7-ddf0db57b5e0","ts":"2025-12-26T09:44:37.446+01:00","source":{"id":"0","name":"eventBus"}}
{"__type":"$$EventMessageWorkflow","id":"752aa7c6-fd8c-43ec-b678-8c9e3a2a3c60","ts":"2025-12-26T09:44:37.447+01:00","eventName":"n8n.workflow.success","message":"n8n.workflow.success","payload":{"executionId":"112","success":true,"isManual":false,"workflowId":"goUXc6XHvN9mcw8o","workflowName":"Recherche d'Offres"}}
{"__type":"$$EventMessageConfirm","confirm":"752aa7c6-fd8c-43ec-b678-8c9e3a2a3c60","ts":"2025-12-26T09:44:37.447+01:00","source":{"id":"0","name":"eventBus"}}
{"__type":"$$EventMessageWorkflow","id":"62bf2647-8bae-4dab-873b-bf8a0b50b4aa","ts":"2025-12-26T09:44:38.197+01:00","eventName":"n8n.workflow.started","message":"n8n.workflow.started","payload":{"executionId":"113","workflowId":"goUXc6XHvN9mcw8o","isManual":false,"workflowName":"Recherche d'Offres"}}
{"__type":"$$EventMessageConfirm","confirm":"62bf2647-8bae-4dab-873b-bf8a0b50b4aa","ts":"2025-12-26T09:44:38.197+01:00","source":{"id":"0","name":"eventBus"}}
{"__type":"$$EventMessageNode","id":"5881eedb-5b70-4d0e-9ba0-2bab68832014","ts":"2025-12-26T09:44:38.198+01:00","eventName":"n8n.node.started","message":"n8n.node.started","payload":{"workflowId":"goUXc6XHvN9mcw8o","workflowName":"Recherche d'Offres","executionId":"113","nodeType":"n8n-nodes-base.webhook","nodeName":"Webhook","nodeId":"e386af63-e91a-421e-a3e1-86468adc9c14"}}
{"__type":"$$EventMessageConfirm","confirm":"5881eedb-5b70-4d0e-9ba0-2bab68832014","ts":"2025-12-26T09:44:38.198+01:00","source":{"id":"0","name":"eventBus"}}
{"__type":"$$EventMessageNode","id":"44bf22fd-043b-4a9d-b825-acd73c6ac22e","ts":"2025-12-26T09:44:38.199+01:00","eventName":"n8n.node.finished","message":"n8n.node.finished","payload":{"workflowId":"goUXc6XHvN9mcw8o","workflowName":"Recherche d'Offres","executionId":"113","nodeType":"n8n-nodes-base.webhook","nodeName":"Webhook","nodeId":"e386af63-e91a-421e-a3e1-86468adc9c14"}}
{"__type":"$$EventMessageConfirm","confirm":"44bf22fd-043b-4a9d-b825-acd73c6ac22e","ts":"2025-12-26T09:44:38.199+01:00","source":{"id":"0","name":"eventBus"}}
{"__type":"$$EventMessageNode","id":"e0a3b101-f0f0-40ca-a60e-7e86166618b5","ts":"2025-12-26T09:44:38.200+01:00","eventName":"n8n.node.started","message":"n8n.node.started","payload":{"workflowId":"goUXc6XHvN9mcw8o","workflowName":"Recherche d'Offres","executionId":"113","nodeType":"n8n-nodes-base.httpRequest","nodeName":"HTTP Request","nodeId":"9b26d7f5-f896-4aa6-9544-71e1c7a1068c"}}
{"__type":"$$EventMessageConfirm","confirm":"e0a3b101-f0f0-40ca-a60e-7e86166618b5","ts":"2025-12-26T09:44:38.200+01:00","source":{"id":"0","name":"eventBus"}}
{"__type":"$$EventMessageNode","id":"a55d4660-a0bc-4b87-8dab-a8dc47cbefba","ts":"2025-12-26T09:44:45.377+01:00","eventName":"n8n.node.finished","message":"n8n.node.finished","payload":{"workflowId":"goUXc6XHvN9mcw8o","workflowName":"Recherche d'Offres","executionId":"113","nodeType":"n8n-nodes-base.httpRequest","nodeName":"HTTP Request","nodeId":"9b26d7f5-f896-4aa6-9544-71e1c7a1068c"}}
{"__type":"$$EventMessageConfirm","confirm":"a55d4660-a0bc-4b87-8dab-a8dc47cbefba","ts":"2025-12-26T09:44:45.378+01:00","source":{"id":"0","name":"eventBus"}}
{"__type":"$$EventMessageNode","id":"14128c2e-75bd-4760-8381-a1736df2fd72","ts":"2025-12-26T09:44:45.378+01:00","eventName":"n8n.node.started","message":"n8n.node.started","payload":{"workflowId":"goUXc6XHvN9mcw8o","workflowName":"Recherche d'Offres","executionId":"113","nodeType":"n8n-nodes-base.code","nodeName":"Code in JavaScript","nodeId":"5ab6551f-4e69-418e-a80c-d324ac10e922"}}
{"__type":"$$EventMessageConfirm","confirm":"14128c2e-75bd-4760-8381-a1736df2fd72","ts":"2025-12-26T09:44:45.378+01:00","source":{"id":"0","name":"eventBus"}}
{"__type":"$$EventMessageRunner","id":"fb601576-34aa-49d4-bc75-896c283c7321","ts":"2025-12-26T09:44:45.475+01:00","eventName":"n8n.runner.task.requested","message":"n8n.runner.task.requested","payload":{"taskId":"hqirjJ55","nodeId":"5ab6551f-4e69-418e-a80c-d324ac10e922","workflowId":"goUXc6XHvN9mcw8o","executionId":"113"}}
{"__type":"$$EventMessageConfirm","confirm":"fb601576-34aa-49d4-bc75-896c283c7321","ts":"2025-12-26T09:44:45.475+01:00","source":{"id":"0","name":"eventBus"}}
{"__type":"$$EventMessageRunner","id":"2122b847-c625-45af-b092-7c012bee95e2","ts":"2025-12-26T09:44:45.630+01:00","eventName":"n8n.runner.response.received","message":"n8n.runner.response.received","payload":{"taskId":"hqirjJ55","nodeId":"5ab6551f-4e69-418e-a80c-d324ac10e922","workflowId":"goUXc6XHvN9mcw8o","executionId":"113"}}
{"__type":"$$EventMessageConfirm","confirm":"2122b847-c625-45af-b092-7c012bee95e2","ts":"2025-12-26T09:44:45.630+01:00","source":{"id":"0","name":"eventBus"}}
{"__type":"$$EventMessageNode","id":"36e53ac0-b3aa-4804-aaf8-1c98f02efaf5","ts":"2025-12-26T09:44:45.630+01:00","eventName":"n8n.node.finished","message":"n8n.node.finished","payload":{"workflowId":"goUXc6XHvN9mcw8o","workflowName":"Recherche d'Offres","executionId":"113","nodeType":"n8n-nodes-base.code","nodeName":"Code in JavaScript","nodeId":"5ab6551f-4e69-418e-a80c-d324ac10e922"}}
{"__type":"$$EventMessageConfirm","confirm":"36e53ac0-b3aa-4804-aaf8-1c98f02efaf5","ts":"2025-12-26T09:44:45.631+01:00","source":{"id":"0","name":"eventBus"}}
{"__type":"$$EventMessageNode","id":"5f95e42a-b3a7-4f8b-9182-767d287285dd","ts":"2025-12-26T09:44:45.631+01:00","eventName":"n8n.node.started","message":"n8n.node.started","payload":{"workflowId":"goUXc6XHvN9mcw8o","workflowName":"Recherche d'Offres","executionId":"113","nodeType":"n8n-nodes-base.respondToWebhook","nodeName":"Respond to Webhook","nodeId":"0ddf0517-ceac-46ad-8183-5c3bf8da476d"}}
{"__type":"$$EventMessageConfirm","confirm":"5f95e42a-b3a7-4f8b-9182-767d287285dd","ts":"2025-12-26T09:44:45.631+01:00","source":{"id":"0","name":"eventBus"}}
{"__type":"$$EventMessageNode","id":"b76b16d1-6c72-4de6-8028-53cbf6412a90","ts":"2025-12-26T09:44:45.647+01:00","eventName":"n8n.node.finished","message":"n8n.node.finished","payload":{"workflowId":"goUXc6XHvN9mcw8o","workflowName":"Recherche d'Offres","executionId":"113","nodeType":"n8n-nodes-base.respondToWebhook","nodeName":"Respond to Webhook","nodeId":"0ddf0517-ceac-46ad-8183-5c3bf8da476d"}}
{"__type":"$$EventMessageConfirm","confirm":"b76b16d1-6c72-4de6-8028-53cbf6412a90","ts":"2025-12-26T09:44:45.648+01:00","source":{"id":"0","name":"eventBus"}}
{"__type":"$$EventMessageWorkflow","id":"9d43ef08-344c-42d6-bd3e-2f846c14e7b5","ts":"2025-12-26T09:44:45.648+01:00","eventName":"n8n.workflow.success","message":"n8n.workflow.success","payload":{"executionId":"113","success":true,"isManual":false,"workflowId":"goUXc6XHvN9mcw8o","workflowName":"Recherche d'Offres"}}
{"__type":"$$EventMessageConfirm","confirm":"9d43ef08-344c-42d6-bd3e-2f846c14e7b5","ts":"2025-12-26T09:44:45.648+01:00","source":{"id":"0","name":"eventBus"}}
{"__type":"$$EventMessageWorkflow","id":"bfc91d0e-b8d6-44d6-b98c-2d71aeccee48","ts":"2025-12-26T09:44:46.929+01:00","eventName":"n8n.workflow.started","message":"n8n.workflow.started","payload":{"executionId":"114","workflowId":"goUXc6XHvN9mcw8o","isManual":false,"workflowName":"Recherche d'Offres"}}
{"__type":"$$EventMessageConfirm","confirm":"bfc91d0e-b8d6-44d6-b98c-2d71aeccee48","ts":"2025-12-26T09:44:46.929+01:00","source":{"id":"0","name":"eventBus"}}
{"__type":"$$EventMessageNode","id":"ec5e9b2a-fe4e-4732-b026-14776b707119","ts":"2025-12-26T09:44:46.941+01:00","eventName":"n8n.node.started","message":"n8n.node.started","payload":{"workflowId":"goUXc6XHvN9mcw8o","workflowName":"Recherche d'Offres","executionId":"114","nodeType":"n8n-nodes-base.webhook","nodeName":"Webhook","nodeId":"e386af63-e91a-421e-a3e1-86468adc9c14"}}
{"__type":"$$EventMessageConfirm","confirm":"ec5e9b2a-fe4e-4732-b026-14776b707119","ts":"2025-12-26T09:44:46.941+01:00","source":{"id":"0","name":"eventBus"}}
{"__type":"$$EventMessageNode","id":"3b2c54c6-8ce4-428d-a2bc-323cf5690348","ts":"2025-12-26T09:44:46.941+01:00","eventName":"n8n.node.finished","message":"n8n.node.finished","payload":{"workflowId":"goUXc6XHvN9mcw8o","workflowName":"Recherche d'Offres","executionId":"114","nodeType":"n8n-nodes-base.webhook","nodeName":"Webhook","nodeId":"e386af63-e91a-421e-a3e1-86468adc9c14"}}
{"__type":"$$EventMessageConfirm","confirm":"3b2c54c6-8ce4-428d-a2bc-323cf5690348","ts":"2025-12-26T09:44:46.942+01:00","source":{"id":"0","name":"eventBus"}}
{"__type":"$$EventMessageNode","id":"66c84501-ba7c-407c-8ca7-127637cd262e","ts":"2025-12-26T09:44:46.942+01:00","eventName":"n8n.node.started","message":"n8n.node.started","payload":{"workflowId":"goUXc6XHvN9mcw8o","workflowName":"Recherche d'Offres","executionId":"114","nodeType":"n8n-nodes-base.httpRequest","nodeName":"HTTP Request","nodeId":"9b26d7f5-f896-4aa6-9544-71e1c7a1068c"}}
{"__type":"$$EventMessageConfirm","confirm":"66c84501-ba7c-407c-8ca7-127637cd262e","ts":"2025-12-26T09:44:46.942+01:00","source":{"id":"0","name":"eventBus"}}
{"__type":"$$EventMessageNode","id":"5ff583fc-0439-4043-bafb-a57330f59ca1","ts":"2025-12-26T09:44:48.495+01:00","eventName":"n8n.node.finished","message":"n8n.node.finished","payload":{"workflowId":"goUXc6XHvN9mcw8o","workflowName":"Recherche d'Offres","executionId":"114","nodeType":"n8n-nodes-base.httpRequest","nodeName":"HTTP Request","nodeId":"9b26d7f5-f896-4aa6-9544-71e1c7a1068c"}}
{"__type":"$$EventMessageConfirm","confirm":"5ff583fc-0439-4043-bafb-a57330f59ca1","ts":"2025-12-26T09:44:48.495+01:00","source":{"id":"0","name":"eventBus"}}
{"__type":"$$EventMessageNode","id":"f630d349-fd16-40de-be2d-e8bbcfde5225","ts":"2025-12-26T09:44:48.496+01:00","eventName":"n8n.node.started","message":"n8n.node.started","payload":{"workflowId":"goUXc6XHvN9mcw8o","workflowName":"Recherche d'Offres","executionId":"114","nodeType":"n8n-nodes-base.code","nodeName":"Code in JavaScript","nodeId":"5ab6551f-4e69-418e-a80c-d324ac10e922"}}
{"__type":"$$EventMessageConfirm","confirm":"f630d349-fd16-40de-be2d-e8bbcfde5225","ts":"2025-12-26T09:44:48.496+01:00","source":{"id":"0","name":"eventBus"}}
{"__type":"$$EventMessageRunner","id":"20f925ca-506e-4f5d-824f-1d3cc3c91553","ts":"2025-12-26T09:44:48.525+01:00","eventName":"n8n.runner.task.requested","message":"n8n.runner.task.requested","payload":{"taskId":"I6WSpotF","nodeId":"5ab6551f-4e69-418e-a80c-d324ac10e922","workflowId":"goUXc6XHvN9mcw8o","executionId":"114"}}
{"__type":"$$EventMessageConfirm","confirm":"20f925ca-506e-4f5d-824f-1d3cc3c91553","ts":"2025-12-26T09:44:48.525+01:00","source":{"id":"0","name":"eventBus"}}
{"__type":"$$EventMessageRunner","id":"fb4d3c5c-1c9e-4814-8812-053fe5303995","ts":"2025-12-26T09:44:48.662+01:00","eventName":"n8n.runner.response.received","message":"n8n.runner.response.received","payload":{"taskId":"I6WSpotF","nodeId":"5ab6551f-4e69-418e-a80c-d324ac10e922","workflowId":"goUXc6XHvN9mcw8o","executionId":"114"}}
{"__type":"$$EventMessageConfirm","confirm":"fb4d3c5c-1c9e-4814-8812-053fe5303995","ts":"2025-12-26T09:44:48.662+01:00","source":{"id":"0","name":"eventBus"}}
{"__type":"$$EventMessageNode","id":"4d6b4a0e-de48-4625-a935-79d1adf15c5a","ts":"2025-12-26T09:44:48.663+01:00","eventName":"n8n.node.finished","message":"n8n.node.finished","payload":{"workflowId":"goUXc6XHvN9mcw8o","workflowName":"Recherche d'Offres","executionId":"114","nodeType":"n8n-nodes-base.code","nodeName":"Code in JavaScript","nodeId":"5ab6551f-4e69-418e-a80c-d324ac10e922"}}
{"__type":"$$EventMessageConfirm","confirm":"4d6b4a0e-de48-4625-a935-79d1adf15c5a","ts":"2025-12-26T09:44:48.663+01:00","source":{"id":"0","name":"eventBus"}}
{"__type":"$$EventMessageNode","id":"32b69557-43b8-46cf-984a-4c1f893ff71e","ts":"2025-12-26T09:44:48.663+01:00","eventName":"n8n.node.started","message":"n8n.node.started","payload":{"workflowId":"goUXc6XHvN9mcw8o","workflowName":"Recherche d'Offres","executionId":"114","nodeType":"n8n-nodes-base.respondToWebhook","nodeName":"Respond to Webhook","nodeId":"0ddf0517-ceac-46ad-8183-5c3bf8da476d"}}
{"__type":"$$EventMessageConfirm","confirm":"32b69557-43b8-46cf-984a-4c1f893ff71e","ts":"2025-12-26T09:44:48.664+01:00","source":{"id":"0","name":"eventBus"}}
{"__type":"$$EventMessageNode","id":"8424229f-418a-4b1f-845f-7e53220d2a4e","ts":"2025-12-26T09:44:48.667+01:00","eventName":"n8n.node.finished","message":"n8n.node.finished","payload":{"workflowId":"goUXc6XHvN9mcw8o","workflowName":"Recherche d'Offres","executionId":"114","nodeType":"n8n-nodes-base.respondToWebhook","nodeName":"Respond to Webhook","nodeId":"0ddf0517-ceac-46ad-8183-5c3bf8da476d"}}
{"__type":"$$EventMessageConfirm","confirm":"8424229f-418a-4b1f-845f-7e53220d2a4e","ts":"2025-12-26T09:44:48.675+01:00","source":{"id":"0","name":"eventBus"}}
{"__type":"$$EventMessageWorkflow","id":"9a0892dd-d6f7-406c-8ee1-63fa6db1d620","ts":"2025-12-26T09:44:48.676+01:00","eventName":"n8n.workflow.success","message":"n8n.workflow.success","payload":{"executionId":"114","success":true,"isManual":false,"workflowId":"goUXc6XHvN9mcw8o","workflowName":"Recherche d'Offres"}}
{"__type":"$$EventMessageConfirm","confirm":"9a0892dd-d6f7-406c-8ee1-63fa6db1d620","ts":"2025-12-26T09:44:48.676+01:00","source":{"id":"0","name":"eventBus"}}
{"__type":"$$EventMessageWorkflow","id":"ee5517d3-35c6-4e87-aa4a-c43cd5b2f18a","ts":"2025-12-26T10:17:30.778+01:00","eventName":"n8n.workflow.started","message":"n8n.workflow.started","payload":{"executionId":"115","workflowId":"ti1OYFY9BNsSJA2g","isManual":false,"workflowName":"Analyse CV"}}
{"__type":"$$EventMessageConfirm","confirm":"ee5517d3-35c6-4e87-aa4a-c43cd5b2f18a","ts":"2025-12-26T10:17:30.790+01:00","source":{"id":"0","name":"eventBus"}}
{"__type":"$$EventMessageNode","id":"ddf7bc57-83f9-4ecb-a69e-f8f3fc1a5c6c","ts":"2025-12-26T10:17:30.805+01:00","eventName":"n8n.node.started","message":"n8n.node.started","payload":{"workflowId":"ti1OYFY9BNsSJA2g","workflowName":"Analyse CV","executionId":"115","nodeType":"n8n-nodes-base.webhook","nodeName":"Webhook","nodeId":"ad9270ed-6d80-4d37-b5de-f3a197452e0d"}}
{"__type":"$$EventMessageConfirm","confirm":"ddf7bc57-83f9-4ecb-a69e-f8f3fc1a5c6c","ts":"2025-12-26T10:17:30.806+01:00","source":{"id":"0","name":"eventBus"}}
{"__type":"$$EventMessageNode","id":"8364dea5-c7dc-4701-8f20-0943c2b115c7","ts":"2025-12-26T10:17:30.822+01:00","eventName":"n8n.node.finished","message":"n8n.node.finished","payload":{"workflowId":"ti1OYFY9BNsSJA2g","workflowName":"Analyse CV","executionId":"115","nodeType":"n8n-nodes-base.webhook","nodeName":"Webhook","nodeId":"ad9270ed-6d80-4d37-b5de-f3a197452e0d"}}
{"__type":"$$EventMessageConfirm","confirm":"8364dea5-c7dc-4701-8f20-0943c2b115c7","ts":"2025-12-26T10:17:30.823+01:00","source":{"id":"0","name":"eventBus"}}
{"__type":"$$EventMessageNode","id":"7b6956b7-431a-4bf2-a84e-a9b489284912","ts":"2025-12-26T10:17:30.825+01:00","eventName":"n8n.node.started","message":"n8n.node.started","payload":{"workflowId":"ti1OYFY9BNsSJA2g","workflowName":"Analyse CV","executionId":"115","nodeType":"n8n-nodes-base.httpRequest","nodeName":"HTTP Request","nodeId":"8409aa6c-c695-4949-8a57-9ff69145e234"}}
{"__type":"$$EventMessageConfirm","confirm":"7b6956b7-431a-4bf2-a84e-a9b489284912","ts":"2025-12-26T10:17:30.826+01:00","source":{"id":"0","name":"eventBus"}}
{"__type":"$$EventMessageNode","id":"b3818f2d-591f-4ba4-84d7-de962abc7d56","ts":"2025-12-26T10:17:53.413+01:00","eventName":"n8n.node.finished","message":"n8n.node.finished","payload":{"workflowId":"ti1OYFY9BNsSJA2g","workflowName":"Analyse CV","executionId":"115","nodeType":"n8n-nodes-base.httpRequest","nodeName":"HTTP Request","nodeId":"8409aa6c-c695-4949-8a57-9ff69145e234"}}
{"__type":"$$EventMessageConfirm","confirm":"b3818f2d-591f-4ba4-84d7-de962abc7d56","ts":"2025-12-26T10:17:53.414+01:00","source":{"id":"0","name":"eventBus"}}
{"__type":"$$EventMessageNode","id":"916a9c68-847b-4789-96f1-89703d9ea9f6","ts":"2025-12-26T10:17:53.414+01:00","eventName":"n8n.node.started","message":"n8n.node.started","payload":{"workflowId":"ti1OYFY9BNsSJA2g","workflowName":"Analyse CV","executionId":"115","nodeType":"n8n-nodes-base.respondToWebhook","nodeName":"Respond to Webhook1","nodeId":"325c4c94-80e2-41c4-89a2-afdcf3a4b016"}}
{"__type":"$$EventMessageConfirm","confirm":"916a9c68-847b-4789-96f1-89703d9ea9f6","ts":"2025-12-26T10:17:53.414+01:00","source":{"id":"0","name":"eventBus"}}
{"__type":"$$EventMessageNode","id":"c319e4f2-6bed-4cde-acd9-495311f9cdfe","ts":"2025-12-26T10:17:53.443+01:00","eventName":"n8n.node.finished","message":"n8n.node.finished","payload":{"workflowId":"ti1OYFY9BNsSJA2g","workflowName":"Analyse CV","executionId":"115","nodeType":"n8n-nodes-base.respondToWebhook","nodeName":"Respond to Webhook1","nodeId":"325c4c94-80e2-41c4-89a2-afdcf3a4b016"}}
{"__type":"$$EventMessageConfirm","confirm":"c319e4f2-6bed-4cde-acd9-495311f9cdfe","ts":"2025-12-26T10:17:53.443+01:00","source":{"id":"0","name":"eventBus"}}
{"__type":"$$EventMessageWorkflow","id":"e50951f2-e47c-4b7e-8ca2-1e5691685428","ts":"2025-12-26T10:17:53.450+01:00","eventName":"n8n.workflow.success","message":"n8n.workflow.success","payload":{"executionId":"115","success":true,"isManual":false,"workflowId":"ti1OYFY9BNsSJA2g","workflowName":"Analyse CV"}}
{"__type":"$$EventMessageConfirm","confirm":"e50951f2-e47c-4b7e-8ca2-1e5691685428","ts":"2025-12-26T10:17:53.450+01:00","source":{"id":"0","name":"eventBus"}}
